2025-04-06 12:22:27,092 - WARNING - Could not find matching result for We Were Here - Chase Atlantic Remix - Lights, Chase Atlantic on YTM
2025-04-06 12:22:29,408 - INFO - Successfully added Char - CASHFORGOLD, Sidewalks and Skeletons to YTM
2025-04-06 12:22:31,845 - INFO - Successfully added Solitude - juno, blindheart to YTM
2025-04-06 12:22:34,017 - INFO - Successfully added White Light - Sidewalks and Skeletons to YTM
2025-04-06 12:22:36,318 - INFO - Successfully added Morphine - Sidewalks and Skeletons, Dollcore, CASHFORGOLD to YTM
2025-04-06 12:22:38,779 - INFO - Successfully added I'll Do It - Heidi Montag to YTM
2025-04-06 12:22:40,964 - INFO - Successfully added don't worry babe - Ex Habit to YTM
2025-04-06 12:22:43,268 - INFO - Successfully added Show Me - BURY, Beneld to YTM
2025-04-06 12:22:45,454 - INFO - Successfully added Sleepless - Dutch Melrose to YTM
2025-04-06 12:22:47,263 - INFO - Successfully added ALL I WANTED WAS U - Ex Habit, Omido to YTM
2025-04-06 12:22:49,517 - INFO - Successfully added Cocktails in Space - Nmesh to YTM
2025-04-06 12:22:50,807 - INFO - Successfully added Skytrot - Equip to YTM
2025-04-06 12:22:53,375 - INFO - Successfully added Baby Baby - Sports to YTM
2025-04-06 12:22:55,731 - INFO - Successfully added Raining Steel - Perturbator to YTM
2025-04-06 12:22:58,062 - INFO - Successfully added Main Theme (Richard Theme) - Dubmood to YTM
2025-04-06 12:23:00,571 - INFO - Successfully added Sanctuary 1 - Dusqk to YTM
2025-04-06 12:23:03,015 - INFO - Successfully added Untitled 2 - The Green Kingdom to YTM
2025-04-06 12:23:05,312 - INFO - Successfully added New Wave Hookers - Vestron Vulture to YTM
2025-04-06 12:23:07,642 - INFO - Successfully added Cocaine & Cadillacs - Soudiere to YTM
2025-04-06 12:23:09,975 - INFO - Successfully added Holding On - Cannons to YTM
2025-04-06 12:23:12,481 - INFO - Successfully added Fire for You - Cannons to YTM
2025-04-06 12:23:14,921 - INFO - Successfully added Hurricane - Cannons to YTM
2025-04-06 12:23:16,904 - INFO - Successfully added Still Remember - Soudiere to YTM
2025-04-06 12:23:19,380 - INFO - Successfully added Only Love Can Break Your Heart - Cxxlion to YTM
2025-04-06 12:23:21,924 - INFO - Successfully added TAKE IT SLOW - GOTNOTIME to YTM
2025-04-06 12:23:24,100 - INFO - Successfully added Pardon Me - Soudiere to YTM
2025-04-06 12:23:26,586 - INFO - Successfully added GOTTA LOVE THAT - GOTNOTIME, Kilfiger to YTM
2025-04-06 12:23:28,316 - WARNING - Could not find matching result for Takin' My Time - Lil' Rocketman, DJ Grumble on YTM
2025-04-06 12:23:30,198 - WARNING - Could not find matching result for Glitter & Gold - erickD, CODEWINE on YTM
2025-04-06 12:23:32,784 - INFO - Successfully added Kiara - Bonobo to YTM
2025-04-06 12:23:35,160 - INFO - Successfully added crisis actor - ericdoa to YTM
2025-04-06 12:23:37,657 - INFO - Successfully added Swim - Chase Atlantic to YTM
2025-04-06 12:23:39,347 - WARNING - Could not find matching result for Just Woke Up - Inteus, Ka$tro on YTM
2025-04-06 12:23:40,988 - WARNING - Could not find matching result for Far from the Cams - Holy Mob, Necroez on YTM
2025-04-06 12:23:43,907 - INFO - Successfully added Rose Gold - Holy Mob, GALI222 to YTM
2025-04-06 12:23:46,364 - INFO - Successfully added Moonlight - Chase Atlantic to YTM
2025-04-06 12:23:48,828 - INFO - Successfully added NIGHT HOLLYWOOD - Judgement G to YTM
2025-04-06 12:23:50,450 - WARNING - Could not find matching result for OUTER SPACE - Mxstvh, Von Storm on YTM
2025-04-06 12:23:52,107 - WARNING - Could not find matching result for Know Its True - Everyst, BACKWHEN on YTM
2025-04-06 12:23:54,065 - WARNING - Could not find matching result for Trapped - Everyst, BACKWHEN, Necroez on YTM
2025-04-06 12:23:56,210 - WARNING - Could not find matching result for Distant - BACKWHEN, Watermane on YTM
2025-04-06 12:23:59,016 - INFO - Successfully added Fragile - BACKWHEN to YTM
2025-04-06 12:24:01,506 - INFO - Successfully added Highed Up - Soudiere, Kloudbug to YTM
2025-04-06 12:24:04,368 - INFO - Successfully added SOMETHING FOR US - GOTNOTIME, yōli to YTM
2025-04-06 12:24:07,127 - INFO - Successfully added Midnight City - M83 to YTM
2025-04-06 12:24:09,733 - INFO - Successfully added NO TIME TO CRY - GOTNOTIME to YTM
2025-04-06 12:24:11,483 - WARNING - Could not find matching result for FEEL THE PAIN - GOTNOTIME, BIDØ on YTM
2025-04-06 12:24:12,724 - INFO - Successfully added BITCHES WANNA DO - GOTNOTIME to YTM
2025-04-06 12:24:15,950 - INFO - Successfully added IN THESE STREETS - GOTNOTIME to YTM
2025-04-06 12:24:18,499 - INFO - Successfully added NO LONGER HUMAN - GOTNOTIME to YTM
2025-04-06 12:24:22,249 - INFO - Successfully added LOSE ME - GOTNOTIME to YTM
2025-04-06 12:24:24,634 - INFO - Successfully added Da Moonlight - KevinTheCreep to YTM
2025-04-06 12:24:27,065 - INFO - Successfully added Zelda - Bonnaz, Flytramp to YTM
2025-04-06 12:24:28,372 - INFO - Successfully added Couch Sinkin - Bonnaz, Flytramp to YTM
2025-04-06 12:24:30,905 - INFO - Successfully added untrust u - trndytrndy to YTM
2025-04-06 12:24:33,667 - INFO - Successfully added SUSUME (feat. NENE & JP THE WAVY) - MonyHorse, NENE, JP THE WAVY to YTM
2025-04-06 12:24:35,492 - WARNING - Could not find matching result for Sippin' - Purple Posse, Aseri on YTM
2025-04-06 12:24:38,050 - INFO - Successfully added I Don't Wanna Waste My Time - Joji to YTM
2025-04-06 12:24:39,745 - INFO - Successfully added Piggypink - Hotel Ugly to YTM
2025-04-06 12:24:42,320 - INFO - Successfully added Sun Outside My Window - Strawberry Guy to YTM
2025-04-06 12:24:44,871 - INFO - Successfully added Intermission - Strawberry Guy to YTM
2025-04-06 12:24:47,660 - INFO - Successfully added You Are the Right One - Sports to YTM
2025-04-06 12:24:50,321 - INFO - Successfully added Nevermind - Arverne to YTM
2025-04-06 12:24:52,595 - INFO - Successfully added Bad Baby (Satin Sheets Remix) - Neggy Gemmy to YTM
2025-04-06 12:24:55,331 - INFO - Successfully added Kickstart My Heart - Mötley Crüe to YTM
2025-04-06 12:24:57,852 - INFO - Successfully added The Other Side of Town - Zock to YTM
2025-04-06 12:25:00,431 - INFO - Successfully added crimes - bbrainz to YTM
2025-04-06 12:25:01,607 - INFO - Successfully added Trappin' Like A Fool - Purple Posse, Mythic to YTM
2025-04-06 12:25:03,898 - INFO - Successfully added URL 湖 - Webinar™ to YTM
2025-04-06 12:25:05,673 - WARNING - Could not find matching result for LIKE DAT - JASON RICH, DJ Grumble on YTM
2025-04-06 12:25:06,870 - WARNING - Could not find matching result for CRIME PAYS - Lil' Rocketman, JASON RICH, Saleh Beats on YTM
2025-04-06 12:25:08,544 - WARNING - Could not find matching result for KNICKEL BAGS - Lil' Rocketman, JASON RICH on YTM
2025-04-06 12:25:11,224 - INFO - Successfully added A Bay Bay - JASON RICH to YTM
2025-04-06 12:25:13,459 - INFO - Successfully added BREAK DA LAW - Bright Ideas, Ponsuda. to YTM
2025-04-06 12:25:15,683 - INFO - Successfully added Grab A Glock - North Posse to YTM
2025-04-06 12:25:17,980 - INFO - Successfully added Toxic - Sayge to YTM
2025-04-06 12:25:21,077 - INFO - Successfully added Love$ick (feat. A$AP Rocky) - Mura Masa, A$AP Rocky to YTM
2025-04-06 12:25:24,012 - INFO - Successfully added Eyes On You - SWIM to YTM
2025-04-06 12:25:26,452 - INFO - Successfully added That All about Your Fear - Chikoi The Maid to YTM
2025-04-06 12:25:29,458 - INFO - Successfully added Lovesick - Peace to YTM
2025-04-06 12:25:31,893 - INFO - Successfully added Come Around - Darci to YTM
2025-04-06 12:25:34,313 - INFO - Successfully added themes (learning) - asoookha to YTM
2025-04-06 12:25:36,623 - INFO - Successfully added PG / VG - 18 Carat Affair to YTM
2025-04-06 12:25:39,126 - INFO - Successfully added Finding Nash - Phil Gerus to YTM
2025-04-06 12:25:41,646 - INFO - Successfully added Love You Like Before - 18 Carat Affair to YTM
2025-04-06 12:25:44,148 - INFO - Successfully added Retail Therapy - Vapora to YTM
2025-04-06 12:25:46,678 - INFO - Successfully added Virtual Chat 2000 - 猫 シ Corp. to YTM
2025-04-06 12:25:48,319 - WARNING - Could not find matching result for Surfing the Wave - Phil Gerus on YTM
2025-04-06 12:25:50,794 - INFO - Successfully added Topspin Turvy - SPORTSGIRL, VAPERROR to YTM
2025-04-06 12:25:53,068 - INFO - Successfully added Makes Me Laugh - 18 Carat Affair to YTM
2025-04-06 12:25:55,389 - INFO - Successfully added Lust Escort - Phil Gerus to YTM
2025-04-06 12:25:55,869 - WARNING - Could not find matching result for Stay Fresh As Hell - Purple Posse, BACKWOOD BOY on YTM
2025-04-06 12:25:57,586 - WARNING - Could not find matching result for The Board Room - Bonnaz, Flytramp, jazz playaz on YTM
2025-04-06 12:25:59,247 - WARNING - Could not find matching result for By Myself - Ponsuda., Gali on YTM
2025-04-06 12:26:00,849 - WARNING - Could not find matching result for Dust Eater - Purple Posse, Gravy on YTM
2025-04-06 12:26:01,979 - INFO - Successfully added Real Shit - Bonnaz, Flytramp to YTM
2025-04-06 12:26:04,350 - WARNING - Could not find matching result for Gone - Everyst, BACKWHEN on YTM
2025-04-06 12:26:05,999 - WARNING - Could not find matching result for Why Not Me - Purple Posse, Gravy on YTM
2025-04-06 12:26:08,222 - INFO - Successfully added Sippin' on Drank - Soudiere, Dj Smokey to YTM
2025-04-06 12:26:10,552 - INFO - Successfully added CHEWIN' - Ponsuda. to YTM
2025-04-06 12:26:12,678 - INFO - Successfully added I Hate it when you're mean - Redhands to YTM
2025-04-06 12:26:15,089 - INFO - Successfully added Stash Spot - Von Storm, Elijah Ghost to YTM
2025-04-06 12:26:17,215 - INFO - Successfully added Alien Squidfall - sword to YTM
2025-04-06 12:26:19,662 - INFO - Successfully added Louis Vuitton Ballerinas - North Posse to YTM
2025-04-06 12:26:22,045 - INFO - Successfully added Sailor Moon - Miller to YTM
2025-04-06 12:26:23,813 - WARNING - Could not find matching result for FACE ME - Sad Soundcloud, demxnstr8 on YTM
2025-04-06 12:26:25,913 - WARNING - Could not find matching result for ghosts/paranoid - sword, [bsd.u] on YTM
2025-04-06 12:26:28,631 - INFO - Successfully added Amsterdam - Nothing But Thieves to YTM
2025-04-06 12:26:31,216 - INFO - Successfully added Is Everybody Going Crazy? - Nothing But Thieves to YTM
2025-04-06 12:26:34,169 - INFO - Successfully added Sadistic Glee - Vestron Vulture to YTM
2025-04-06 12:26:36,960 - INFO - Successfully added song for when the bar closes - ericdoa to YTM
2025-04-06 12:26:38,663 - WARNING - Could not find matching result for ありがとうございました - ぬいぐるみクレヨン Lush Crayon on YTM
2025-04-06 12:26:41,258 - INFO - Successfully added Fata Morgana - 18 Carat Affair to YTM
2025-04-06 12:26:43,613 - INFO - Successfully added Bend & Break - FM-84, Ollie Wride to YTM
2025-04-06 12:26:45,923 - INFO - Successfully added Intelestellar - Voyager to YTM
2025-04-06 12:26:47,688 - WARNING - Could not find matching result for Hol' Up - Holy Mob, Inteus, l v k s on YTM
2025-04-06 12:26:49,384 - WARNING - Could not find matching result for Glock Cocked - Holy Mob, Puar on YTM
2025-04-06 12:26:51,844 - INFO - Successfully added Instant History - Biffy Clyro to YTM
2025-04-06 12:26:54,771 - INFO - Successfully added drive all night - joan to YTM
2025-04-06 12:26:57,392 - INFO - Successfully added Hurts Me - Tory Lanez, Trippie Redd, Yoko Gold to YTM
2025-04-06 12:27:00,033 - INFO - Successfully added shure - Brayden Potts to YTM
2025-04-06 12:27:02,241 - INFO - Successfully added Snare (feat. Wild Eyed Boy) - Cosmo's Midnight, Wild Eyed Boy to YTM
2025-04-06 12:27:03,808 - WARNING - Could not find matching result for Audemars Piguet // Sodomy - Inteus on YTM
2025-04-06 12:27:05,449 - WARNING - Could not find matching result for Those Days - MOTAT on YTM
2025-04-06 12:27:06,527 - INFO - Successfully added DEBIT OR CREDIT - Redhands to YTM
2025-04-06 12:27:09,262 - INFO - Successfully added MOMMA - CODEWINE to YTM
2025-04-06 12:27:11,550 - INFO - Successfully added Desire - Ponsuda. to YTM
2025-04-06 12:27:13,978 - INFO - Successfully added MAX: FINALE - HEALTH to YTM
2025-04-06 12:27:16,884 - INFO - Successfully added Can't Get Over You - KINGDM to YTM
2025-04-06 12:27:18,528 - WARNING - Could not find matching result for Burn (feat. Kendra Dias) - SYRE, Kendra Dias on YTM
2025-04-06 12:27:20,932 - INFO - Successfully added Dreaming (feat. Bruno Major) - SG Lewis, Bruno Major to YTM
2025-04-06 12:27:22,777 - WARNING - Could not find matching result for All Night - SG Lewis, Dornik on YTM
2025-04-06 12:27:25,189 - INFO - Successfully added Cold Heart - Xenia to YTM
2025-04-06 12:27:26,939 - WARNING - Could not find matching result for you & i - sped up - lucidbeatz, Emilia Ali on YTM
2025-04-06 12:27:29,252 - INFO - Successfully added Sensitive - Sani Knight to YTM
2025-04-06 12:27:31,933 - INFO - Successfully added Lose Myself - SWIM to YTM
2025-04-06 12:27:34,514 - INFO - Successfully added Tropical - SL to YTM
2025-04-06 12:27:36,889 - INFO - Successfully added Let U Go - lucidbeatz to YTM
2025-04-06 12:27:39,385 - INFO - Successfully added She's A 10 But... - ARTAN, Spencer Elmer to YTM
2025-04-06 12:27:41,425 - WARNING - Could not find matching result for In Your Head - belac on YTM
2025-04-06 12:27:43,030 - WARNING - Could not find matching result for Like One - Cassyb on YTM
2025-04-06 12:27:44,772 - WARNING - Could not find matching result for trespass coat - Niko B, dexter in the newsagent on YTM
2025-04-06 12:27:46,804 - WARNING - Could not find matching result for Baby & Bass - baby.murcielaga, $EDJI, LOVE-DISORDER on YTM
2025-04-06 12:27:48,906 - WARNING - Could not find matching result for Supernova - M I R A G E, Neon Galaxy on YTM
2025-04-06 12:27:52,206 - INFO - Successfully added Flowing clouds - Cyter to YTM
2025-04-06 12:27:54,691 - INFO - Successfully added still learning how to swim - longlost to YTM
2025-04-06 12:27:56,254 - WARNING - Could not find matching result for War Clips - MOTAT on YTM
2025-04-06 12:27:58,012 - WARNING - Could not find matching result for Make You Mine - Redhands, Inteus on YTM
2025-04-06 12:27:59,946 - WARNING - Could not find matching result for Round & Round - Sainté on YTM
2025-04-06 12:28:02,392 - INFO - Successfully added Dancer in the Dark - Chase Atlantic to YTM
2025-04-06 12:28:05,374 - INFO - Successfully added Falling - Chase Atlantic to YTM
2025-04-06 12:28:07,993 - INFO - Successfully added Black Magic - The Amazons to YTM
2025-04-06 12:28:10,427 - INFO - Successfully added Loner Boogie - Boy Azooga to YTM
2025-04-06 12:28:12,121 - WARNING - Could not find matching result for Hang Out (feat. MonyHorse & dodo) - VaVa, MonyHorse, dodo on YTM
2025-04-06 12:28:14,869 - INFO - Successfully added LMK - Kelela to YTM
2025-04-06 12:28:16,605 - WARNING - Could not find matching result for 凍京 - VaVa, Roland Jones on YTM
2025-04-06 12:28:19,226 - INFO - Successfully added note. - itachi to YTM
2025-04-06 12:28:21,361 - WARNING - Could not find matching result for Too Many Nights (feat. Don Toliver & with Future) - Metro Boomin, Future, Don Toliver on YTM
2025-04-06 12:28:23,681 - INFO - Successfully added Only You (feat. Leellamarz) - CAMO, Leellamarz to YTM
2025-04-06 12:28:26,099 - INFO - Successfully added hotel room - trndytrndy to YTM
2025-04-06 12:28:28,682 - INFO - Successfully added The Best I Ever Had - Limi to YTM
2025-04-06 12:28:30,433 - WARNING - Could not find matching result for Champagne Shots - Sainté on YTM
2025-04-06 12:28:33,367 - INFO - Successfully added PULL UP - Internet Girl to YTM
2025-04-06 12:28:35,388 - WARNING - Could not find matching result for Pink Dolphin Sunset (feat. Tee) - Tory Lanez, Tee on YTM
2025-04-06 12:28:37,143 - WARNING - Could not find matching result for Wait - HYOLYN on YTM
2025-04-06 12:28:39,747 - INFO - Successfully added Last Train - The Midnight to YTM
2025-04-06 12:28:42,491 - INFO - Successfully added Those Were the Days - Absinth3 to YTM
2025-04-06 12:28:44,782 - INFO - Successfully added Mirror Mirror - 18 Carat Affair to YTM
2025-04-06 12:28:47,241 - INFO - Successfully added ecstacy (super slowed) - SUICIDAL-IDOL to YTM
2025-04-06 12:28:48,234 - WARNING - Could not find matching result for bella - EKKSTACY on YTM
2025-04-06 12:28:50,643 - INFO - Successfully added loner - Night Tapes to YTM
2025-04-06 12:28:53,194 - INFO - Successfully added Overdrive - Conan Gray to YTM
2025-04-06 12:28:55,683 - INFO - Successfully added Experience - Victoria Monét, Khalid, SG Lewis to YTM
2025-04-06 12:28:57,824 - INFO - Successfully added BEAUTY IN DEATH - Chase Atlantic to YTM
2025-04-06 12:29:00,448 - INFO - Successfully added Suffocation - Crystal Castles to YTM
2025-04-06 12:29:02,115 - WARNING - Could not find matching result for Shining - MOTAT on YTM
2025-04-06 12:29:04,721 - INFO - Successfully added The Chase - Emmit Fenn to YTM
2025-04-06 12:29:07,103 - INFO - Successfully added Yours - SG Lewis to YTM
2025-04-06 12:29:08,915 - WARNING - Could not find matching result for No Less - SG Lewis, Louis Mattrs on YTM
2025-04-06 12:29:11,170 - INFO - Successfully added victim - ericdoa to YTM
2025-04-06 12:29:13,500 - INFO - Successfully added search & destroy - ericdoa to YTM
2025-04-06 12:29:15,311 - WARNING - Could not find matching result for Never Fade Away - SAMURAI, Refused on YTM
2025-04-06 12:29:17,680 - INFO - Successfully added Slip Away - Johnny Valentine to YTM
2025-04-06 12:29:20,010 - INFO - Successfully added Paranoid - Sani Knight, Bosquet to YTM
2025-04-06 12:29:22,189 - INFO - Successfully added BADASF - Sani Knight to YTM
2025-04-06 12:29:24,795 - INFO - Successfully added Tailor Swif - A$AP Rocky to YTM
2025-04-06 12:29:27,125 - INFO - Successfully added High Speeds - Darci to YTM
2025-04-06 12:29:29,827 - INFO - Successfully added Cold Nights - Necroez to YTM
2025-04-06 12:29:32,119 - WARNING - Could not find matching result for Bolide Noir - Central Cee, JRK 19 on YTM
2025-04-06 12:29:34,886 - INFO - Successfully added SPIT IN MY FACE! - ThxSoMch to YTM
2025-04-06 12:29:37,181 - INFO - Successfully added ALOT - VLOT, MIYACHI to YTM
2025-04-06 12:29:38,994 - WARNING - Could not find matching result for No Hook - Hanumankind, Kalmi on YTM
2025-04-06 12:29:41,335 - INFO - Successfully added Happier - Marshmello, Bastille to YTM
2025-04-06 12:29:43,642 - INFO - Successfully added Last Call - Darci to YTM
2025-04-06 12:29:45,337 - WARNING - Could not find matching result for Nebula - BACKWHEN, Von Storm on YTM
2025-04-06 12:29:47,803 - INFO - Successfully added Midnight - DJ BASK, Von Storm to YTM
2025-04-06 12:29:49,945 - INFO - Successfully added hate love and percs. - MVRTYR to YTM
2025-04-06 12:29:52,475 - INFO - Successfully added Summer Breath - safetypleace, Nia.wave, DESTROMAKER to YTM
2025-04-06 12:29:54,939 - INFO - Successfully added Perfect World - ONEKLAB, MVTRIIIX to YTM
2025-04-06 12:29:57,286 - INFO - Successfully added BURN THIS WORLD - EXANGEL to YTM
2025-04-06 12:30:00,644 - INFO - Successfully added Ticking Away - VALORANT, Grabbitz, bbno$ to YTM
2025-04-06 12:30:03,062 - INFO - Successfully added Easter Pink - $NOT to YTM
2025-04-06 12:30:05,650 - INFO - Successfully added with u - lucidbeatz to YTM
2025-04-06 12:30:08,428 - WARNING - Could not find matching result for 1st Class - Sound's Deli on YTM
2025-04-06 12:30:10,834 - INFO - Successfully added Nicole (feat. maco marets) - maeshima soshi, maco marets to YTM
2025-04-06 12:30:12,963 - WARNING - Could not find matching result for Fanum - Fanum on YTM
2025-04-06 12:30:15,070 - WARNING - Could not find matching result for いつか会いたい - AKIBA on YTM
2025-04-06 12:30:17,583 - INFO - Successfully added If I - Limi to YTM
2025-04-06 12:30:19,752 - INFO - Successfully added Overcome. - barnacle boi to YTM
2025-04-06 12:30:22,468 - INFO - Successfully added Soon - Johnny Yukon to YTM
2025-04-06 12:30:24,718 - INFO - Successfully added WHERE'D U GO - Sani Knight to YTM
2025-04-06 12:30:26,922 - INFO - Successfully added MADNESS! - Johnny Yukon to YTM
2025-04-06 12:30:29,238 - INFO - Successfully added Big Dawgs - Hanumankind, Kalmi to YTM
2025-04-06 12:30:31,569 - INFO - Successfully added Twilight - Darci to YTM
2025-04-06 12:30:33,259 - WARNING - Could not find matching result for Goodbye - FM-84, Clive Farrington on YTM
2025-04-06 12:30:36,071 - INFO - Successfully added love somebody like you - joan to YTM
2025-04-06 12:30:37,795 - WARNING - Could not find matching result for hurts 2 hate somebody (with Chase Atlantic & No Rome) - ELIO, Chase Atlantic, No Rome on YTM
2025-04-06 12:30:40,349 - INFO - Successfully added Tongue Tied - GROUPLOVE to YTM
2025-04-06 12:30:43,248 - INFO - Successfully added Hard Times - Paramore to YTM
2025-04-06 12:30:45,660 - INFO - Successfully added Night - Jasper Byrne to YTM
2025-04-06 12:30:48,164 - INFO - Successfully added Movies - Dawn Wall to YTM
2025-04-06 12:30:50,492 - INFO - Successfully added Sinner - Dawn Wall, ANNI to YTM
2025-04-06 12:30:52,852 - INFO - Successfully added Dream Days - Pola & Bryson to YTM
2025-04-06 12:30:55,550 - INFO - Successfully added Feels - 1991 to YTM
2025-04-06 12:30:57,802 - WARNING - Could not find matching result for Getaway - Koven Remix - Tritonal, Angel Taylor, Koven on YTM
2025-04-06 12:31:00,195 - INFO - Successfully added ugh - DJ Kuroneko to YTM
2025-04-06 12:31:02,303 - INFO - Successfully added skies - DJ Kuroneko to YTM
2025-04-06 12:31:04,024 - WARNING - Could not find matching result for On the Nightway - admo on YTM
2025-04-06 12:31:05,962 - WARNING - Could not find matching result for Tiring Game - John Newman, Charlie Wilson on YTM
2025-04-06 12:31:08,187 - WARNING - Could not find matching result for Call on Me - Radio Mix - Eric Prydz on YTM
2025-04-06 12:31:10,837 - INFO - Successfully added Phoneline - Pola & Bryson, Emily Makis to YTM
2025-04-06 12:31:13,326 - INFO - Successfully added Wanna Stay (feat. Dear Sunday) - Luude, Dear Sunday to YTM
2025-04-06 12:31:15,997 - INFO - Successfully added Runnin' - Low Steppa, Kelli-Leigh to YTM
2025-04-06 12:31:16,578 - WARNING - Could not find matching result for Dedicated - MOTAT on YTM
2025-04-06 12:31:18,256 - WARNING - Could not find matching result for Godless Girl - The Chain Gang Of 1974 on YTM
2025-04-06 12:31:19,552 - WARNING - Could not find matching result for Forget - The Chain Gang Of 1974, Alisa Xayalith on YTM
2025-04-06 12:31:22,386 - INFO - Successfully added Agora Hills - Doja Cat to YTM
2025-04-06 12:31:24,866 - INFO - Successfully added sendin' my luv - Dazegxd, gum.mp3 to YTM
2025-04-06 12:31:27,994 - INFO - Successfully added The Sound - The 1975 to YTM
2025-04-06 12:31:28,453 - WARNING - Could not find matching result for YORU -MY TYPICAL DAY- - Sound's Deli, Puckafall on YTM
2025-04-06 12:31:31,018 - INFO - Successfully added hold on - flor to YTM
2025-04-06 12:31:33,810 - INFO - Successfully added Something Here - Day Wave to YTM
2025-04-06 12:31:36,831 - INFO - Successfully added On the Rise - Brett to YTM
2025-04-06 12:31:40,128 - INFO - Successfully added Espresso - Sabrina Carpenter to YTM
2025-04-06 12:31:41,849 - WARNING - Could not find matching result for Holding On - VICTORS on YTM
2025-04-06 12:31:44,056 - WARNING - Could not find matching result for Self Love (Spider-Man: Across the Spider-Verse) (Metro Boomin & Coi Leray) - Metro Boomin, Coi Leray on YTM
2025-04-06 12:31:46,063 - WARNING - Could not find matching result for Am I Dreaming (Metro Boomin & A$AP Rocky, Roisee) - Metro Boomin, A$AP Rocky, Roisee on YTM
2025-04-06 12:31:48,770 - WARNING - Could not find matching result for Like That - Future, Metro Boomin, Kendrick Lamar on YTM
2025-04-06 12:31:51,898 - INFO - Successfully added promise - DJ Kuroneko to YTM
2025-04-06 12:31:54,391 - INFO - Successfully added drifting - Night Tapes to YTM
2025-04-06 12:31:57,308 - INFO - Successfully added Strangers - Roosevelt to YTM
2025-04-06 12:31:59,690 - INFO - Successfully added moment - asc to YTM
2025-04-06 12:32:01,919 - INFO - Successfully added Cartz - gum.mp3 to YTM
2025-04-06 12:32:04,099 - INFO - Successfully added Passion - 18 Carat Affair to YTM
2025-04-06 12:32:06,420 - INFO - Successfully added virtual - bbrainz to YTM
2025-04-06 12:32:08,863 - INFO - Successfully added Slow - The Chain Gang Of 1974 to YTM
2025-04-06 12:32:10,928 - WARNING - Could not find matching result for Memory - Parade of Lights on YTM
2025-04-06 12:32:13,257 - INFO - Successfully added Miles Ahead - The Strike to YTM
2025-04-06 12:32:16,002 - INFO - Successfully added Let Me - ZAYN to YTM
2025-04-06 12:32:18,762 - INFO - Successfully added I Don’t Wanna Live Forever (Fifty Shades Darker) - ZAYN, Taylor Swift to YTM
2025-04-06 12:32:21,469 - INFO - Successfully added PILLOWTALK - ZAYN to YTM
2025-04-06 12:32:23,659 - INFO - Successfully added You Cant Hate Me Anymore - Rew to YTM
2025-04-06 12:32:25,954 - INFO - Successfully added Take What Is Ours! - Brian Tyler, Assassin's Creed to YTM
2025-04-06 12:32:28,251 - INFO - Successfully added undone - brb. to YTM
2025-04-06 12:32:30,232 - WARNING - Could not find matching result for Touch - Parade of Lights on YTM
2025-04-06 12:32:32,910 - INFO - Successfully added Tired of Love - Parade of Lights to YTM
2025-04-06 12:32:35,421 - INFO - Successfully added Nothing New - The Strike to YTM
2025-04-06 12:32:37,381 - WARNING - Could not find matching result for Human Condition - Parade of Lights on YTM
2025-04-06 12:32:39,531 - WARNING - Could not find matching result for run - the chain gang of 1974 remix - PRONOUN, The Chain Gang Of 1974 on YTM
2025-04-06 12:32:42,375 - INFO - Successfully added Our First House Was A Basement - De Lorra to YTM
2025-04-06 12:32:44,453 - WARNING - Could not find matching result for Heaven - The Chain Gang Of 1974 on YTM
2025-04-06 12:32:46,840 - INFO - Successfully added Thin Flesh - Traitrs to YTM
2025-04-06 12:32:49,281 - INFO - Successfully added MILLION DOLLAR BABY - Tommy Richman to YTM
2025-04-06 12:32:51,530 - INFO - Successfully added Slowing Down - Scarlet House to YTM
2025-04-06 12:32:54,226 - INFO - Successfully added Afterlife - Tre Flip to YTM
2025-04-06 12:32:55,860 - WARNING - Could not find matching result for WHATS LEFT OF ME - Redhands on YTM
2025-04-06 12:32:58,143 - INFO - Successfully added Wallflowers - The Chain Gang Of 1974 to YTM
2025-04-06 12:33:01,046 - INFO - Successfully added Faded Memory (feat. Timecop1983) - Jessie Frye, Timecop1983 to YTM
2025-04-06 12:33:03,347 - INFO - Successfully added Totally - Inhaler to YTM
2025-04-06 12:33:05,807 - INFO - Successfully added These Are The Days - Inhaler to YTM
2025-04-06 12:33:08,291 - INFO - Successfully added Never Satisfied - Kick The Habit, Joe Zay to YTM
2025-04-06 12:33:10,199 - WARNING - Could not find matching result for Rapport - Tatsuya Kitani on YTM
2025-04-06 12:33:12,498 - INFO - Successfully added Sockets - SOFT PLAY to YTM
2025-04-06 12:33:15,117 - INFO - Successfully added In-Between - Title Fight to YTM
2025-04-06 12:33:17,672 - INFO - Successfully added R U Mine? - Arctic Monkeys to YTM
2025-04-06 12:33:20,271 - INFO - Successfully added Isolation - Alter Bridge to YTM
2025-04-06 12:33:22,892 - INFO - Successfully added Rose - Telltale to YTM
2025-04-06 12:33:25,615 - INFO - Successfully added Drown - Bring Me The Horizon to YTM
2025-04-06 12:33:28,141 - INFO - Successfully added Feel It All Around - Washed Out to YTM
2025-04-06 12:33:30,483 - INFO - Successfully added Gone With the Blast - UNDEAD CORPORATION to YTM
2025-04-06 12:33:33,005 - INFO - Successfully added The Funeral - YUNGBLUD to YTM
2025-04-06 12:33:35,377 - INFO - Successfully added Wait - Earshot to YTM
2025-04-06 12:33:38,705 - INFO - Successfully added Stick Up - grandson to YTM
2025-04-06 12:33:40,498 - WARNING - Could not find matching result for this storyends - Winnie on YTM
2025-04-06 12:33:43,314 - INFO - Successfully added Gravity - Holding Absence to YTM
2025-04-06 12:33:45,522 - WARNING - Could not find matching result for Chippin' In - SAMURAI, Refused on YTM
2025-04-06 12:33:47,685 - WARNING - Could not find matching result for Bury the Light - Casey Edwards on YTM
2025-04-06 12:33:50,385 - INFO - Successfully added Wonderwall - Oasis to YTM
2025-04-06 12:33:53,043 - INFO - Successfully added Avant Gardener - Courtney Barnett to YTM
2025-04-06 12:33:55,802 - INFO - Successfully added 1x1 (feat. Nova Twins) - Bring Me The Horizon, Nova Twins to YTM
2025-04-06 12:33:59,033 - INFO - Successfully added Everlong - Foo Fighters to YTM
2025-04-06 12:34:01,653 - INFO - Successfully added Bury Me Face Down - grandson to YTM
2025-04-06 12:34:03,556 - WARNING - Could not find matching result for distance - Long Shot Party on YTM
2025-04-06 12:34:06,137 - INFO - Successfully added Cocoon - Catfish and the Bottlemen to YTM
2025-04-06 12:34:08,323 - INFO - Successfully added Nothing for Me - Lupus Nocte, Zorro to YTM
2025-04-06 12:34:11,065 - INFO - Successfully added Rise and Fall - Night Drive to YTM
2025-04-06 12:34:14,003 - INFO - Successfully added Dust - M|O|O|N to YTM
2025-04-06 12:34:16,358 - INFO - Successfully added Pastel Sunset - IndiGhost to YTM
2025-04-06 12:34:18,537 - INFO - Successfully added 90's Jennifer - Vestron Vulture to YTM
2025-04-06 12:34:21,059 - INFO - Successfully added Running in the Night - FM-84, Ollie Wride to YTM
2025-04-06 12:34:22,834 - WARNING - Could not find matching result for Pressure (with SG Lewis) - James Vickery, SG Lewis on YTM
2025-04-06 12:34:25,605 - INFO - Successfully added Voyager - Daft Punk to YTM
2025-04-06 12:34:27,819 - INFO - Successfully added Slow Stride - YOUTH 83 to YTM
2025-04-06 12:34:30,199 - INFO - Successfully added Dream Diver (feat. 巡音ルカ) - Mr.Kitty to YTM
2025-04-06 12:34:33,040 - INFO - Successfully added Swimming Pools (Drank) - Kendrick Lamar to YTM
2025-04-06 12:34:35,663 - INFO - Successfully added Nikes - Frank Ocean to YTM
2025-04-06 12:34:38,141 - INFO - Successfully added Luxury - Azealia Banks to YTM
2025-04-06 12:34:40,650 - INFO - Successfully added Rigamortus - Kendrick Lamar to YTM
2025-04-06 12:34:43,295 - INFO - Successfully added Hol' Up - Kendrick Lamar to YTM
2025-04-06 12:34:45,866 - INFO - Successfully added Snowchild - The Weeknd to YTM
2025-04-06 12:34:48,783 - INFO - Successfully added Secrets - The Weeknd to YTM
2025-04-06 12:34:50,962 - INFO - Successfully added Still on Track - Iso Indies to YTM
2025-04-06 12:34:53,241 - INFO - Successfully added Vanta Black - GAGLE to YTM
2025-04-06 12:34:55,486 - WARNING - Could not find matching result for Money Trees - Kendrick Lamar, Jay Rock on YTM
2025-04-06 12:34:57,436 - WARNING - Could not find matching result for On My Own - Jaden, Kid Cudi on YTM
2025-04-06 12:35:00,171 - INFO - Successfully added Bitch, Don’t Kill My Vibe - Kendrick Lamar to YTM
2025-04-06 12:35:02,518 - INFO - Successfully added Fractions (feat. Jessie Frye) - Wayfloe, Jessie Frye to YTM
2025-04-06 12:35:04,967 - INFO - Successfully added Flashing Sirens - Hotel Pools, Tima, YOUTH 83 to YTM
2025-04-06 12:35:06,623 - INFO - Successfully added Rosehip - SENNA to YTM
2025-04-06 12:35:08,460 - WARNING - Could not find matching result for IN MY WORLD - ROOKiEZ is PUNK'D on YTM
2025-04-06 12:35:11,402 - INFO - Successfully added In Loving Memory - First and Forever to YTM
2025-04-06 12:35:13,717 - INFO - Successfully added If Only - Battle Tapes to YTM
2025-04-06 12:35:15,954 - INFO - Successfully added Weight of the World - Battle Tapes to YTM
2025-04-06 12:35:18,200 - INFO - Successfully added Is It Really You? - Loathe, Teenage Wrist to YTM
2025-04-06 12:35:20,585 - INFO - Successfully added future - bbrainz to YTM
2025-04-06 12:35:22,345 - WARNING - Could not find matching result for >one - greater than one - VALORANT, ericdoa on YTM
2025-04-06 12:35:24,175 - WARNING - Could not find matching result for Fire Again - VALORANT, Ashnikko on YTM
2025-04-06 12:35:25,811 - WARNING - Could not find matching result for RAJA - VALORANT, ARB4, Tienas, Mangal Suvarnan on YTM
2025-04-06 12:35:27,979 - WARNING - Could not find matching result for Where Are Ü Now (with Justin Bieber) - Jack Ü, Skrillex, Diplo, Justin Bieber on YTM
2025-04-06 12:35:30,431 - INFO - Successfully added MAINICHI - MIYACHI to YTM
2025-04-06 12:35:32,093 - WARNING - Could not find matching result for Sing It Louder - Particle House, Le June on YTM
2025-04-06 12:35:34,396 - INFO - Successfully added Neon - Magdalena Bay to YTM
2025-04-06 12:35:36,615 - WARNING - Could not find matching result for RGB - Scattle on YTM
2025-04-06 12:35:39,613 - INFO - Successfully added Take Off! - A.L.I.S.O.N to YTM
2025-04-06 12:35:41,791 - INFO - Successfully added online - bbrainz to YTM
2025-04-06 12:35:43,534 - WARNING - Could not find matching result for Tokyo Dreaming - Particle House, Le June on YTM
2025-04-06 12:35:46,708 - INFO - Successfully added EUPHORIA - HEALTH to YTM
2025-04-06 12:35:48,745 - WARNING - Could not find matching result for E N D L E S S - De Lorra on YTM
2025-04-06 12:35:51,273 - INFO - Successfully added Resonance - Home to YTM
2025-04-06 12:35:54,107 - INFO - Successfully added We Own The Night - The Wanted to YTM
2025-04-06 12:35:56,607 - WARNING - Could not find matching result for Howling - Andromedik Remix - Cartoon, Jéja, Andromedik, Asena on YTM
2025-04-06 12:35:58,204 - WARNING - Could not find matching result for Cooler Than Me - Single Mix - Mike Posner, Gigamesh on YTM
2025-04-06 12:36:00,655 - INFO - Successfully added Entertain Me - Ylona Garcia to YTM
2025-04-06 12:36:02,796 - WARNING - Could not find matching result for Closer - The Chainsmokers, Halsey on YTM
2025-04-06 12:36:05,500 - INFO - Successfully added A.D.H.D - Kendrick Lamar to YTM
2025-04-06 12:36:08,306 - INFO - Successfully added Last Time - Aaron May to YTM
2025-04-06 12:36:10,604 - INFO - Successfully added 7thGenerationBlunts - BONES to YTM
2025-04-06 12:36:12,977 - INFO - Successfully added Devotion - Emotional Oranges to YTM
2025-04-06 12:36:15,235 - INFO - Successfully added Gettin So Much - Iso Indies to YTM
2025-04-06 12:36:17,975 - INFO - Successfully added A$AP Forever (feat. Moby) - A$AP Rocky, Moby to YTM
2025-04-06 12:36:20,690 - INFO - Successfully added Already Best Friends (feat. Chris Brown) - Jack Harlow, Chris Brown to YTM
2025-04-06 12:36:23,537 - INFO - Successfully added Praise The Lord (Da Shine) (feat. Skepta) - A$AP Rocky, Skepta to YTM
2025-04-06 12:36:26,248 - INFO - Successfully added 3005 - Childish Gambino to YTM
2025-04-06 12:36:29,573 - INFO - Successfully added First Class - Jack Harlow to YTM
2025-04-06 12:36:32,289 - INFO - Successfully added LVL - A$AP Rocky to YTM
2025-04-06 12:36:34,740 - WARNING - Could not find matching result for One More Dance (feat. IO, Gottz & Holly Q) - KANDYTOWN, Gottz, Holly Q, IO on YTM
2025-04-06 12:36:37,498 - INFO - Successfully added Fashion Killa - A$AP Rocky to YTM
2025-04-06 12:36:40,223 - INFO - Successfully added Ginseng Strip 2002 - Yung Lean to YTM
2025-04-06 12:36:42,682 - INFO - Successfully added A Screwed Up True Story - Rob Level to YTM
2025-04-06 12:36:45,202 - INFO - Successfully added ‘87 Stingray - Tory Lanez to YTM
2025-04-06 12:36:48,096 - WARNING - Could not find matching result for I Feel It Coming - The Weeknd, Daft Punk on YTM
2025-04-06 12:36:50,878 - INFO - Successfully added Doja - Central Cee to YTM
2025-04-06 12:36:53,177 - INFO - Successfully added NO TRENDS - Mike Dimes to YTM
2025-04-06 12:36:55,488 - INFO - Successfully added vhs world. - Ryan Celsius Sounds, jibun to YTM
2025-04-06 12:36:58,078 - INFO - Successfully added GAMBLE - DJ RYOW, ¥ellow Bucks to YTM
2025-04-06 12:37:00,106 - WARNING - Could not find matching result for Slow It Down - Islandis on YTM
2025-04-06 12:37:03,136 - INFO - Successfully added Sympathy - Dream Talk to YTM
2025-04-06 12:37:05,876 - INFO - Successfully added Never Come Down - Brave Shores to YTM
2025-04-06 12:37:07,658 - WARNING - Could not find matching result for Friday Night - SEGA SOUND TEAM, 稲毛 謙介, 荒井 善博 on YTM
2025-04-06 12:37:09,871 - INFO - Successfully added Eighth Wonder of the World - Cathedral Bells to YTM
2025-04-06 12:37:12,003 - INFO - Successfully added Research - CASTLEBEAT to YTM
2025-04-06 12:37:14,563 - INFO - Successfully added Can I Call You Tonight? - Dayglow to YTM
2025-04-06 12:37:16,981 - INFO - Successfully added Change Your Mind - CASTLEBEAT to YTM
2025-04-06 12:37:19,685 - INFO - Successfully added Blue - Savage Hands to YTM
2025-04-06 12:37:22,585 - INFO - Successfully added Best Friends - grandson to YTM
2025-04-06 12:37:24,754 - INFO - Successfully added Conquer Them All - Lansdowne to YTM
2025-04-06 12:37:26,613 - WARNING - Could not find matching result for PROVEN - BEFORE MY LIFE FAILS on YTM
2025-04-06 12:37:29,347 - INFO - Successfully added I Really Want to Stay at Your House - Rosa Walton, Hallie Coggins to YTM
2025-04-06 12:37:31,562 - INFO - Successfully added Millennia - Pixel Terror to YTM
2025-04-06 12:37:33,866 - INFO - Successfully added dooriyan - Zaeden to YTM
2025-04-06 12:37:36,380 - INFO - Successfully added On the Run - Timecop1983 to YTM
2025-04-06 12:37:38,762 - INFO - Successfully added Habits (feat. PASTEL GHOST) - Mr.Kitty to YTM
2025-04-06 12:37:40,926 - INFO - Successfully added Sneaky Driver - Bill Kiley to YTM
2025-04-06 12:37:43,282 - INFO - Successfully added Елена - Vestron Vulture to YTM
2025-04-06 12:37:45,690 - INFO - Successfully added Someone - Earshot to YTM
2025-04-06 12:37:48,192 - INFO - Successfully added Dark Angel - Provoker to YTM
2025-04-06 12:37:49,937 - WARNING - Could not find matching result for ハルカカナタ - UNLIMITS on YTM
2025-04-06 12:37:52,167 - INFO - Successfully added Lost in Echoes - Caskets to YTM
2025-04-06 12:37:54,547 - INFO - Successfully added SNAKE EYES - Aries to YTM
2025-04-06 12:37:57,059 - INFO - Successfully added hate me like u love me - Syence, Jake Neumar to YTM
2025-04-06 12:38:00,604 - INFO - Successfully added Toothbrush - DNCE to YTM
2025-04-06 12:38:03,078 - INFO - Successfully added Down the Line - Beach Fossils to YTM
2025-04-06 12:38:05,374 - INFO - Successfully added 1.0_8-whatsyourask.m4p - Mac Quayle to YTM
2025-04-06 12:38:07,857 - INFO - Successfully added 1.3_5-da3m0nsneverstop.caf - Mac Quayle to YTM
2025-04-06 12:38:10,160 - INFO - Successfully added crowd pleaser - TEHYA to YTM
2025-04-06 12:38:13,061 - INFO - Successfully added Tip Toe - HYBS to YTM
2025-04-06 12:38:15,018 - WARNING - Could not find matching result for RENEGADE - VALORANT, 99 God, C-Low赵贵梁 on YTM
2025-04-06 12:38:17,706 - INFO - Successfully added Black Clouds - Savage Hands to YTM
2025-04-06 12:38:20,541 - INFO - Successfully added Queen - Perfume Genius to YTM
2025-04-06 12:38:23,634 - INFO - Successfully added Run Away With Me - Carly Rae Jepsen to YTM
2025-04-06 12:38:26,435 - INFO - Successfully added Innocence - Electric Youth to YTM
2025-04-06 12:38:29,081 - INFO - Successfully added Flesh without Blood - Grimes to YTM
2025-04-06 12:38:31,173 - WARNING - Could not find matching result for Giving It Up - The Chain Gang Of 1974 on YTM
2025-04-06 12:38:33,705 - INFO - Successfully added Dunny Buggy Escape - Professor Creepshow, Bonnaz to YTM
2025-04-06 12:38:35,943 - WARNING - Could not find matching result for The Rumble - CiniMod on YTM
2025-04-06 12:38:38,693 - INFO - Successfully added Deep Cover - Sun Araw to YTM
2025-04-06 12:38:41,200 - INFO - Successfully added ZONE 6IX - BREEZEFORE to YTM
2025-04-06 12:38:43,107 - WARNING - Could not find matching result for Monarch - Holy Mob, SHELTR., Inteus on YTM
2025-04-06 12:38:45,317 - WARNING - Could not find matching result for Dark All Day - Gunship, Tim Cappello, Indiana on YTM
2025-04-06 12:38:47,970 - INFO - Successfully added Somebody Else - The 1975 to YTM
2025-04-06 12:38:49,705 - WARNING - Could not find matching result for Tech Noir - Gunship, John Carpenter, Charlie Simpson on YTM
2025-04-06 12:38:52,133 - INFO - Successfully added Call On Me - Necroez to YTM
2025-04-06 12:38:54,903 - INFO - Successfully added Drugs In Tha Club - Redhands to YTM
2025-04-06 12:38:57,080 - WARNING - Could not find matching result for Lean On - Major Lazer, DJ Snake, MØ on YTM
2025-04-06 12:38:59,628 - INFO - Successfully added Robbers - The 1975 to YTM
2025-04-06 12:39:01,402 - WARNING - Could not find matching result for More Than Me - Holy Mob, Caspian Rose on YTM
2025-04-06 12:39:03,726 - INFO - Successfully added Wallflower - Tim Atlas to YTM
2025-04-06 12:39:06,482 - INFO - Successfully added Friends - Vacations to YTM
2025-04-06 12:39:08,750 - INFO - Successfully added Monsoon - XNewRoman to YTM
2025-04-06 12:39:10,392 - WARNING - Could not find matching result for Cocoa - MOTAT on YTM
2025-04-06 12:39:12,069 - WARNING - Could not find matching result for Ride Clean (Robbin' Mobbin') - Dj Smokey on YTM
2025-04-06 12:39:14,371 - INFO - Successfully added Meditation - Hymbeats to YTM
2025-04-06 12:39:16,729 - INFO - Successfully added GLOSSY HAZE - OLIVER GRIND to YTM
2025-04-06 12:39:17,883 - WARNING - Could not find matching result for 17 SHELLS - Goupil. on YTM
2025-04-06 12:39:20,442 - INFO - Successfully added Stranger Love - Ollie Wride, Sunglasses Kid to YTM
2025-04-06 12:39:22,280 - WARNING - Could not find matching result for Snort That P - Holy Mob, Von Storm, SHELTR. on YTM
2025-04-06 12:39:25,084 - INFO - Successfully added A Real Hero - College, Electric Youth to YTM
2025-04-06 12:39:27,625 - INFO - Successfully added Killer - HYBS to YTM
2025-04-06 12:39:30,066 - INFO - Successfully added Phantasm (feat. Nicole Millar) - Cosmo's Midnight to YTM
2025-04-06 12:39:31,703 - WARNING - Could not find matching result for CLONED - Sad Soundcloud, Destro on YTM
2025-04-06 12:39:34,075 - INFO - Successfully added Youngest Daughter - Superheaven to YTM
2025-04-06 12:39:36,412 - INFO - Successfully added BlueSkies&AutomaticWeapons - BONES to YTM
2025-04-06 12:39:38,181 - WARNING - Could not find matching result for From You - Bonobo, Joji on YTM
2025-04-06 12:39:40,658 - INFO - Successfully added Get Dumb - Von Storm to YTM
2025-04-06 12:39:43,484 - INFO - Successfully added MAJOR WEIGHT - BREEZEFORE to YTM
2025-04-06 12:39:46,004 - INFO - Successfully added Salad Days - Mac DeMarco to YTM
2025-04-06 12:39:48,506 - INFO - Successfully added Freaking Out the Neighborhood - Mac DeMarco to YTM
2025-04-06 12:39:50,357 - WARNING - Could not find matching result for Yellow Diamonds - MOTAT, GOTNOTIME on YTM
2025-04-06 12:39:52,089 - WARNING - Could not find matching result for Perfect Aim - Holy Mob, Necroez, Von Storm on YTM
2025-04-06 12:39:54,445 - INFO - Successfully added The Way It Is - Lucid Monday, Soudiere to YTM
2025-04-06 12:39:57,353 - INFO - Successfully added AS THE DAYS GO BY - RXLVND, Soudiere to YTM
2025-04-06 12:39:59,632 - INFO - Successfully added in my heart - vowl., Sace to YTM
2025-04-06 12:40:02,173 - INFO - Successfully added cold air - DJ Pointless, Sace, Silent Boy to YTM
2025-04-06 12:40:04,696 - INFO - Successfully added Child of the Earth - Mr.Kitty to YTM
2025-04-06 12:40:06,996 - INFO - Successfully added pacific - bbrainz to YTM
2025-04-06 12:40:09,499 - INFO - Successfully added pray slow - Chase Shakur to YTM
2025-04-06 12:40:12,900 - INFO - Successfully added FEEL LIKE - Aaron May to YTM
2025-04-06 12:40:15,302 - INFO - Successfully added The Annex - Division Street to YTM
2025-04-06 12:40:17,865 - INFO - Successfully added Sandy - Division Street to YTM
2025-04-06 12:40:19,946 - INFO - Successfully added talking to myself - brb. to YTM
2025-04-06 12:40:23,417 - INFO - Successfully added Flames (feat. Ruel) - SG Lewis, Ruel to YTM
2025-04-06 12:40:26,059 - INFO - Successfully added Never Change - Savage Hands to YTM
2025-04-06 12:40:27,896 - WARNING - Could not find matching result for Sunsets - Pt. 2 - SG Lewis on YTM
2025-04-06 12:40:30,150 - INFO - Successfully added Baja - Von Storm to YTM
2025-04-06 12:40:31,340 - INFO - Successfully added Somethings - Rew to YTM
2025-04-06 12:40:33,175 - INFO - Successfully added Deleteme - Rew to YTM
2025-04-06 12:40:35,629 - INFO - Successfully added The Gate - Enigma to YTM
2025-04-06 12:40:36,819 - WARNING - Could not find matching result for Bucked Up - Holy Mob, Inteus, Von Storm on YTM
2025-04-06 12:40:38,957 - WARNING - Could not find matching result for Rules & Regulations - Holy Mob, Inteus, Redhands on YTM
2025-04-06 12:40:41,307 - INFO - Successfully added Junkiez - Holy Mob, Redhands to YTM
2025-04-06 12:40:43,817 - INFO - Successfully added Yes I'm Changing - Tame Impala to YTM
2025-04-06 12:40:45,506 - WARNING - Could not find matching result for Enemies - Holy Mob, Caspian Rose, Von Storm, Necroez on YTM
2025-04-06 12:40:47,135 - WARNING - Could not find matching result for .44 - Necroez, Von Storm on YTM
2025-04-06 12:40:49,570 - INFO - Successfully added welcome and goodbye - Dream, Ivory to YTM
2025-04-06 12:40:52,507 - INFO - Successfully added Nightcall - Kavinsky to YTM
2025-04-06 12:40:55,247 - INFO - Successfully added It's Not Living (If It's Not With You) - The 1975 to YTM
2025-04-06 12:40:57,951 - INFO - Successfully added Eventually - Tame Impala to YTM
2025-04-06 12:41:00,239 - INFO - Successfully added Spinning - trauma ray to YTM
2025-04-06 12:41:01,206 - WARNING - Could not find matching result for Oztroja - demo - Zeruel on YTM
2025-04-06 12:41:03,969 - INFO - Successfully added Late Goodbye - Poets of the Fall to YTM
2025-04-06 12:41:06,070 - WARNING - Could not find matching result for You Up? - Johan Lenox, Ant Clemons on YTM
2025-04-06 12:41:08,419 - WARNING - Could not find matching result for Pure Hydro - BABYLON MAYNE, Donvtello on YTM
2025-04-06 12:41:11,220 - INFO - Successfully added Memory Reboot - VØJ, Narvent to YTM
2025-04-06 12:41:13,451 - INFO - Successfully added Cruisin Through - Iso Indies to YTM
2025-04-06 12:41:15,194 - WARNING - Could not find matching result for FREQUENCY - INFINITE.WAV, Zero on YTM
2025-04-06 12:41:17,662 - INFO - Successfully added BACK DOOR - BREEZEFORE to YTM
2025-04-06 12:41:20,952 - INFO - Successfully added At Your Frontdoor - Tre Flip to YTM
2025-04-06 12:41:22,926 - WARNING - Could not find matching result for Illusions - Redhands, Inteus, Caspian Rose on YTM
2025-04-06 12:41:25,386 - INFO - Successfully added Watch Me Burn - Lansdowne to YTM
2025-04-06 12:41:27,766 - INFO - Successfully added Burn the Dark - Inteus to YTM
2025-04-06 12:41:29,420 - WARNING - Could not find matching result for BODY NUMB - INFINITE.WAV, Inteus on YTM
2025-04-06 12:41:31,295 - WARNING - Could not find matching result for Matsuri - Fujii Kaze on YTM
2025-04-06 12:41:34,124 - INFO - Successfully added Workin' Hard - Fujii Kaze to YTM
2025-04-06 12:41:36,667 - INFO - Successfully added Normal People (feat. rei brown) - Joji, rei brown to YTM
2025-04-06 12:41:39,293 - INFO - Successfully added Narcissist (feat. The 1975) - No Rome, The 1975 to YTM
2025-04-06 12:41:41,474 - INFO - Successfully added Genghis - Hanumankind to YTM
2025-04-06 12:41:43,986 - INFO - Successfully added Tu Jaana Na Piya - King to YTM
2025-04-06 12:41:46,217 - INFO - Successfully added DAMNSON - Hanumankind to YTM
2025-04-06 12:41:47,853 - WARNING - Could not find matching result for Self-Destruction - Holy Mob, Redhands, Necroez on YTM
2025-04-06 12:41:49,626 - WARNING - Could not find matching result for Weighted Die - Holy Mob, Inteus on YTM
2025-04-06 12:41:52,381 - INFO - Successfully added intro. - CVLTE to YTM
2025-04-06 12:41:54,182 - WARNING - Could not find matching result for DeathTrain - Ricky A Go Go, BONES on YTM
2025-04-06 12:41:56,643 - INFO - Successfully added Elevate - St. Lucia to YTM
2025-04-06 12:41:58,214 - WARNING - Could not find matching result for reference bounce - BETWEEN FRIENDS, EDEN on YTM
2025-04-06 12:42:01,347 - INFO - Successfully added Everything Goes On - Porter Robinson, League of Legends to YTM
2025-04-06 12:42:03,789 - INFO - Successfully added Chase Him Down - Yungmaple, Ryan Celsius Sounds to YTM
2025-04-06 12:42:06,244 - INFO - Successfully added Dark Side Of The Moon - suisside to YTM
2025-04-06 12:42:08,417 - INFO - Successfully added Star Shopping - Megami to YTM
2025-04-06 12:42:10,758 - INFO - Successfully added watching the stars (Sped Up) - Øneheart to YTM
2025-04-06 12:42:13,395 - INFO - Successfully added Think About U (feat. Joji) - Ryan Hemsworth, Joji to YTM
2025-04-06 12:42:16,126 - INFO - Successfully added No Good - Battle Tapes to YTM
2025-04-06 12:42:18,471 - INFO - Successfully added In Too Deep - Battle Tapes to YTM
2025-04-06 12:42:20,235 - WARNING - Could not find matching result for Paper Flowers - Remix - PHNTMS, Josh Dally on YTM
2025-04-06 12:42:22,280 - WARNING - Could not find matching result for Ocean - Ryan Celsius Sounds, AKIBA on YTM
2025-04-06 12:42:24,263 - WARNING - Could not find matching result for Your Lover - Islandis on YTM
2025-04-06 12:42:25,916 - WARNING - Could not find matching result for Times We Had - The Chain Gang Of 1974 on YTM
2025-04-06 12:42:28,551 - INFO - Successfully added Run - The Chain Gang Of 1974 to YTM
2025-04-06 12:42:31,049 - INFO - Successfully added Dystopian Mall - Incorporeal Visions Deluxe to YTM
2025-04-06 12:42:32,701 - WARNING - Could not find matching result for Highwire Days - CHADWICK Remix - The Chain Gang Of 1974, CHADWICK on YTM
2025-04-06 12:42:35,641 - INFO - Successfully added stuck. - HARRY WAS HERE to YTM
2025-04-06 12:42:38,432 - INFO - Successfully added Show Me How - Men I Trust to YTM
2025-04-06 12:42:40,175 - WARNING - Could not find matching result for Highwire Days - The Chain Gang Of 1974 on YTM
2025-04-06 12:42:42,421 - WARNING - Could not find matching result for Uppercuts - Terror Reid on YTM
2025-04-06 12:42:45,021 - INFO - Successfully added Courtside - Tim Atlas to YTM
2025-04-06 12:42:47,378 - INFO - Successfully added Circles - Will Paquin to YTM
2025-04-06 12:42:49,012 - WARNING - Could not find matching result for Damage - PARTYNEXTDOOR, Halsey on YTM
2025-04-06 12:42:51,328 - INFO - Successfully added Boredom - EVNTYD to YTM
2025-04-06 12:42:53,970 - INFO - Successfully added golden hour - JVKE to YTM
2025-04-06 12:42:56,778 - INFO - Successfully added Paris - The Chainsmokers to YTM
2025-04-06 12:42:59,738 - INFO - Successfully added Sugar - Men I Trust to YTM
2025-04-06 12:43:01,930 - WARNING - Could not find matching result for Curtain Call (feat. KEIJU, Ryohu & IO) - KANDYTOWN, IO, KEIJU, Ryohu on YTM
2025-04-06 12:43:04,372 - INFO - Successfully added Chandelier - Will Paquin to YTM
2025-04-06 12:43:06,857 - INFO - Successfully added Crystal City - US Golf 95 to YTM
2025-04-06 12:43:09,611 - INFO - Successfully added more than a reason - Endie to YTM
2025-04-06 12:43:12,380 - INFO - Successfully added Mahiye Jinna Sohna - Darshan Raval to YTM
2025-04-06 12:43:14,887 - INFO - Successfully added Decay - Home to YTM
2025-04-06 12:43:17,172 - INFO - Successfully added Anomaly - oDDling to YTM
2025-04-06 12:43:19,158 - WARNING - Could not find matching result for Never Be Like You - Flume, kai on YTM
2025-04-06 12:43:21,547 - INFO - Successfully added 6am - Young Mooski to YTM
2025-04-06 12:43:24,240 - INFO - Successfully added Enter - Voyage to YTM
2025-04-06 12:43:26,654 - INFO - Successfully added Spell Strike - Provoker to YTM
2025-04-06 12:43:28,553 - INFO - Successfully added Schönefeld - Bathe to YTM
2025-04-06 12:43:30,788 - INFO - Successfully added Phantom Limb - The Messenger Birds to YTM
2025-04-06 12:43:32,470 - WARNING - Could not find matching result for Lights Out - Taska Black, Alioth on YTM
2025-04-06 12:43:35,098 - INFO - Successfully added Furious - Squiid to YTM
2025-04-06 12:43:37,514 - INFO - Successfully added Young Rivals - Night Drive to YTM
2025-04-06 12:43:39,783 - INFO - Successfully added Call 4 U - Ace Marino to YTM
2025-04-06 12:43:42,347 - INFO - Successfully added Better Now - Laveda to YTM
2025-04-06 12:43:44,597 - INFO - Successfully added Compromised - Tim Atlas to YTM
2025-04-06 12:43:47,038 - INFO - Successfully added Beach Daze - The Palms to YTM
2025-04-06 12:43:49,904 - INFO - Successfully added Fantastic - Blame My Youth to YTM
2025-04-06 12:43:51,655 - WARNING - Could not find matching result for DIE OUT HERE (FEAT. POORSTACY) - DE'WAYNE, POORSTACY on YTM
2025-04-06 12:43:53,893 - INFO - Successfully added Fire Escape - Call Me Karizma to YTM
2025-04-06 12:43:57,489 - INFO - Successfully added Avant - Eve to YTM
2025-04-06 12:44:00,847 - INFO - Successfully added Tape Machine - STRFKR to YTM
2025-04-06 12:44:03,447 - INFO - Successfully added Levitate - The Palms to YTM
2025-04-06 12:44:05,808 - WARNING - Could not find matching result for Life's Coming in Slow - from GRAN TURISMO 7 - Nothing But Thieves on YTM
2025-04-06 12:44:08,173 - INFO - Successfully added Center Point - Voyage to YTM
2025-04-06 12:44:10,744 - INFO - Successfully added Allude - Voyage to YTM
2025-04-06 12:44:12,456 - INFO - Successfully added Strange Impalas - Flynn Hendry to YTM
2025-04-06 12:44:15,159 - INFO - Successfully added Happy As I Am - Shaqdi to YTM
2025-04-06 12:44:17,494 - INFO - Successfully added 1984 (Reprise) - Siamese Youth to YTM
2025-04-06 12:44:19,677 - INFO - Successfully added Landlord - Yot Club to YTM
2025-04-06 12:44:22,129 - INFO - Successfully added Last Stop - Karl Casey to YTM
2025-04-06 12:44:23,981 - WARNING - Could not find matching result for These Walls - Kendrick Lamar, Bilal, Anna Wise, Thundercat on YTM
2025-04-06 12:44:27,041 - INFO - Successfully added Jesus Lord - Kanye West to YTM
2025-04-06 12:44:29,725 - INFO - Successfully added Live in the Moment - Portugal. The Man to YTM
2025-04-06 12:44:32,541 - INFO - Successfully added Company - Justin Bieber to YTM
2025-04-06 12:44:35,281 - INFO - Successfully added Montreal - Roosevelt to YTM
2025-04-06 12:44:37,865 - INFO - Successfully added Pogo - Digitalism to YTM
2025-04-06 12:44:39,614 - INFO - Successfully added Tiger Balm - Emmett Kai to YTM
2025-04-06 12:44:42,359 - INFO - Successfully added Carry On - BudaMunk, J.Lamotta to YTM
2025-04-06 12:44:44,855 - INFO - Successfully added 愛密集 - Yakkle, Shing02 to YTM
2025-04-06 12:44:47,921 - INFO - Successfully added Toroka - Christian Kuria to YTM
2025-04-06 12:44:50,897 - INFO - Successfully added Packin Steel - Lil Kaine, Freddie Dredd to YTM
2025-04-06 12:44:53,505 - INFO - Successfully added So Far So Good - Great Good Fine Ok to YTM
2025-04-06 12:44:55,222 - WARNING - Could not find matching result for Coming Off (w/ Brevin Kim) - Bluey Thomas, Brevin Kim on YTM
2025-04-06 12:44:57,419 - INFO - Successfully added Eleven Weeks - Vansire to YTM
2025-04-06 12:44:59,757 - INFO - Successfully added Halcyon Age - Vansire to YTM
2025-04-06 12:45:01,424 - WARNING - Could not find matching result for Night Vision - Vansire, Barrie on YTM
2025-04-06 12:45:03,952 - INFO - Successfully added So - Christian Kuria to YTM
2025-04-06 12:45:06,356 - INFO - Successfully added DRIVE OFF A BRIDGE - Jakey to YTM
2025-04-06 12:45:08,885 - INFO - Successfully added The Rebel Path - P.T. Adamczyk to YTM
2025-04-06 12:45:10,546 - WARNING - Could not find matching result for Do You Mind? - The Chain Gang Of 1974 on YTM
2025-04-06 12:45:12,262 - WARNING - Could not find matching result for Wanting This - The Chain Gang Of 1974 on YTM
2025-04-06 12:45:14,424 - WARNING - Could not find matching result for Simulation - Smallpools on YTM
2025-04-06 12:45:17,068 - INFO - Successfully added dumb party - Internet Girl to YTM
2025-04-06 12:45:19,635 - INFO - Successfully added Whitley - Nova to YTM
2025-04-06 12:45:22,037 - INFO - Successfully added Vice - Lisbon to YTM
2025-04-06 12:45:24,547 - INFO - Successfully added Throne - Bring Me The Horizon to YTM
2025-04-06 12:45:26,894 - INFO - Successfully added Freefall - Arlow to YTM
2025-04-06 12:45:28,399 - WARNING - Could not find matching result for Précis - Vansire, Fog Lake on YTM
2025-04-06 12:45:31,254 - INFO - Successfully added Take Me To The Sun - d4vd to YTM
2025-04-06 12:45:33,570 - INFO - Successfully added RAINCLOUDS - veggi, KhakiKid, Ben Beal to YTM
2025-04-06 12:45:36,169 - INFO - Successfully added Deep Green - Christian Kuria to YTM
2025-04-06 12:45:38,400 - INFO - Successfully added Nothing to Hide - Caskets to YTM
2025-04-06 12:45:40,610 - INFO - Successfully added Glass Heart - Caskets to YTM
2025-04-06 12:45:42,987 - INFO - Successfully added Align - Voyage to YTM
2025-04-06 12:45:45,267 - INFO - Successfully added Equinox - admo to YTM
2025-04-06 12:45:47,913 - INFO - Successfully added BABYDOLL - Ari Abdul to YTM
2025-04-06 12:45:50,836 - INFO - Successfully added Mobbin - SwuM to YTM
2025-04-06 12:45:53,456 - INFO - Successfully added Electric Sheep - Toa5t to YTM
2025-04-06 12:45:55,788 - INFO - Successfully added Take the Nine - Inteus to YTM
2025-04-06 12:45:58,151 - INFO - Successfully added Honey - Vacations to YTM
2025-04-06 12:46:00,699 - INFO - Successfully added Nosebleed Seats - Vansire to YTM
2025-04-06 12:46:01,805 - INFO - Successfully added Ghost Monkeys - kiLLa Laharl to YTM
2025-04-06 12:46:04,208 - INFO - Successfully added Sangria - Alx Beats to YTM
2025-04-06 12:46:06,815 - INFO - Successfully added Store Brand Lighter - Florida Skyline to YTM
2025-04-06 12:46:09,118 - INFO - Successfully added Uncomfortable - Katori Walker to YTM
2025-04-06 12:46:11,615 - INFO - Successfully added blwn - Jetson to YTM
2025-04-06 12:46:14,293 - INFO - Successfully added Let Go - Aaron May to YTM
2025-04-06 12:46:16,993 - INFO - Successfully added 16 - Baby Keem to YTM
2025-04-06 12:46:19,746 - INFO - Successfully added Reunion - M83 to YTM
2025-04-06 12:46:23,190 - INFO - Successfully added Murder on My Mind - YNW Melly to YTM
2025-04-06 12:46:26,195 - INFO - Successfully added AMERICAN MUSCLE - Thouxanbanfauni to YTM
2025-04-06 12:46:28,712 - INFO - Successfully added Zoouston - G2 Genesis to YTM
2025-04-06 12:46:31,256 - INFO - Successfully added Go Outside - Cults to YTM
2025-04-06 12:46:34,107 - INFO - Successfully added Crew (feat. Brent Faiyaz & Shy Glizzy) - GoldLink, Brent Faiyaz, Shy Glizzy to YTM
2025-04-06 12:46:36,962 - INFO - Successfully added Break from Toronto - PARTYNEXTDOOR to YTM
2025-04-06 12:46:39,353 - INFO - Successfully added 오늘 조금 취해서 그래 - YOUHA to YTM
2025-04-06 12:46:42,068 - WARNING - Could not find matching result for DRUM GO DUM - K/DA, Wolftyla, Bekuh Boom, Aluna, League of Legends on YTM
2025-04-06 12:46:43,756 - WARNING - Could not find matching result for Motion (with Yot Club) - Smallpools, Yot Club on YTM
2025-04-06 12:46:45,728 - WARNING - Could not find matching result for Ballin' (with Roddy Ricch) - Mustard, Roddy Ricch on YTM
2025-04-06 12:46:48,097 - INFO - Successfully added Slum Lord - Mega Drive to YTM
2025-04-06 12:46:50,356 - INFO - Successfully added Lucid Memories - NiteWind to YTM
2025-04-06 12:46:52,574 - INFO - Successfully added Stand Still - Stilz to YTM
2025-04-06 12:46:54,208 - WARNING - Could not find matching result for Feel Good - Jitwam, Cosmo's Midnight on YTM
2025-04-06 12:46:56,686 - INFO - Successfully added Strawberry Skies - Kid Travis to YTM
2025-04-06 12:46:59,510 - INFO - Successfully added When I’m Alone - Post Malone to YTM
2025-04-06 12:47:01,711 - INFO - Successfully added Tennis - CASTLEBEAT to YTM
2025-04-06 12:47:03,795 - WARNING - Could not find matching result for One Right Now (with The Weeknd) - Post Malone, The Weeknd on YTM
2025-04-06 12:47:06,155 - INFO - Successfully added Beyond Belief - Holding Absence to YTM
2025-04-06 12:47:08,500 - INFO - Successfully added Come Alive - FMLYBND to YTM
2025-04-06 12:47:10,179 - WARNING - Could not find matching result for In / Out - Baardsen Remix - Dan Croll, Andrew Baardsen on YTM
2025-04-06 12:47:11,919 - WARNING - Could not find matching result for This fffire - New Version - Franz Ferdinand on YTM
2025-04-06 12:47:14,453 - INFO - Successfully added Magic - Olympic Ayres to YTM
2025-04-06 12:47:16,877 - INFO - Successfully added Swim - Division Street to YTM
2025-04-06 12:47:19,406 - INFO - Successfully added Fate - soap. to YTM
2025-04-06 12:47:21,724 - INFO - Successfully added Blind - ETERNVL SVDNESS to YTM
2025-04-06 12:47:24,409 - INFO - Successfully added Lonely World - Brennan Savage to YTM
2025-04-06 12:47:27,025 - INFO - Successfully added where U been? - soap. to YTM
2025-04-06 12:47:29,607 - INFO - Successfully added Imaginations - The Cairos to YTM
2025-04-06 12:47:31,127 - WARNING - Could not find matching result for Fillmore County - Vansire, FLOOR CRY on YTM
2025-04-06 12:47:33,887 - INFO - Successfully added The Reason - Hoobastank to YTM
2025-04-06 12:47:36,325 - INFO - Successfully added By Your Side - Imad, offrami to YTM
2025-04-06 12:47:38,889 - INFO - Successfully added Waves - Division Street to YTM
2025-04-06 12:47:41,148 - INFO - Successfully added What Lies Beneath - Life On Venus to YTM
2025-04-06 12:47:42,869 - WARNING - Could not find matching result for Think it Through - Vansire, India Shawn on YTM
2025-04-06 12:47:44,410 - WARNING - Could not find matching result for Précis Two - Vansire, Ivy Sole on YTM
2025-04-06 12:47:46,824 - INFO - Successfully added Tool Kit - Dylan Sitts to YTM
2025-04-06 12:47:50,055 - INFO - Successfully added Bad Habit - Steve Lacy to YTM
2025-04-06 12:47:53,039 - INFO - Successfully added Aquascaping ピラミッド - 猫 シ Corp. to YTM
2025-04-06 12:47:55,208 - WARNING - Could not find matching result for BURN IT DOWN - Linkin Park on YTM
2025-04-06 12:47:57,590 - INFO - Successfully added Time - atmos bloom to YTM
2025-04-06 12:47:59,911 - INFO - Successfully added Monday Magic - Lil Cobaine to YTM
2025-04-06 12:48:02,665 - INFO - Successfully added Last Christmas - Wham! to YTM
2025-04-06 12:48:05,184 - INFO - Successfully added I’ve Been Daydreaming My Entire Life - Washed Out to YTM
2025-04-06 12:48:07,468 - INFO - Successfully added What a Pleasure - Beach Fossils to YTM
2025-04-06 12:48:10,380 - INFO - Successfully added Stay - Leaving Time to YTM
2025-04-06 12:48:12,880 - INFO - Successfully added Vertebrae - Channo, Luchii to YTM
2025-04-06 12:48:15,519 - INFO - Successfully added If You Love Her - Tokyo Tea Room to YTM
2025-04-06 12:48:17,907 - INFO - Successfully added Shimmer - Notaker to YTM
2025-04-06 12:48:19,460 - WARNING - Could not find matching result for Clova - PYLOT on YTM
2025-04-06 12:48:22,033 - INFO - Successfully added 【Twin Palms】 - 猫 シ Corp. to YTM
2025-04-06 12:48:23,849 - WARNING - Could not find matching result for Run Away - BOP, Subwave, Karina Ramage on YTM
2025-04-06 12:48:26,316 - INFO - Successfully added Accelerate - Hotel Pools to YTM
2025-04-06 12:48:29,361 - INFO - Successfully added Free Fall - New Arcades to YTM
2025-04-06 12:48:31,809 - INFO - Successfully added Italo Disco - Last Dinosaurs to YTM
2025-04-06 12:48:34,868 - INFO - Successfully added What Once Was - Her's to YTM
2025-04-06 12:48:36,882 - WARNING - Could not find matching result for Luna - 2011 Remaster - The Smashing Pumpkins on YTM
2025-04-06 12:48:39,527 - INFO - Successfully added Undertow - Division Street to YTM
2025-04-06 12:48:41,381 - WARNING - Could not find matching result for Coastal Drive - admo on YTM
2025-04-06 12:48:43,930 - INFO - Successfully added T.V Party - Trushinitas to YTM
2025-04-06 12:48:46,779 - INFO - Successfully added EVERYTHING MAYJOR - Aaron May to YTM
2025-04-06 12:48:49,507 - INFO - Successfully added Where Is My Mind? - Pixies to YTM
2025-04-06 12:48:52,472 - INFO - Successfully added Head Over Heels - Tears For Fears to YTM
2025-04-06 12:48:54,784 - INFO - Successfully added Let Go - Aaron May to YTM
2025-04-06 12:48:57,448 - INFO - Successfully added Forever - Maximum Love to YTM
2025-04-06 12:49:00,324 - INFO - Successfully added Sit Next to Me - Foster The People to YTM
2025-04-06 12:49:02,782 - INFO - Successfully added Dreamcatcher - YOUTH 83, DavZ to YTM
2025-04-06 12:49:05,395 - INFO - Successfully added the WORLD - NIGHTMARE to YTM
2025-04-06 12:49:07,771 - INFO - Successfully added Delta - Lou CharLe$ to YTM
2025-04-06 12:49:10,371 - INFO - Successfully added Rocks - BONES to YTM
2025-04-06 12:49:12,583 - INFO - Successfully added 1996 - Sidewalks and Skeletons to YTM
2025-04-06 12:49:15,211 - INFO - Successfully added Quantum - GRIMIGAN to YTM
2025-04-06 12:49:17,829 - INFO - Successfully added Phantom - Vestron Vulture to YTM
2025-04-06 12:49:20,052 - INFO - Successfully added chapter - Bugseed to YTM
2025-04-06 12:49:22,482 - INFO - Successfully added Lotus Floatin - Bonnaz, Flytramp to YTM
2025-04-06 12:49:25,011 - INFO - Successfully added Sometimes - Miami Horror to YTM
2025-04-06 12:49:27,514 - INFO - Successfully added 505 - Arctic Monkeys to YTM
2025-04-06 12:49:30,164 - INFO - Successfully added The Less I Know The Better - Tame Impala to YTM
2025-04-06 12:49:32,532 - INFO - Successfully added Need Is Your Love - 88rising, Joji, GENERATIONS from EXILE TRIBE to YTM
2025-04-06 12:49:34,839 - INFO - Successfully added Turn This World Around - Sightless in Shadow to YTM
2025-04-06 12:49:37,158 - INFO - Successfully added River - Anonymouz to YTM
2025-04-06 12:49:39,606 - INFO - Successfully added To the Moon - junodream to YTM
2025-04-06 12:49:42,131 - INFO - Successfully added K. - Cigarettes After Sex to YTM
2025-04-06 12:49:44,909 - INFO - Successfully added The Color Violet - Tory Lanez to YTM
2025-04-06 12:49:47,081 - INFO - Successfully added Temporarily Yung - De Lorra to YTM
2025-04-06 12:49:49,272 - INFO - Successfully added Somethin Wrong In Heaven - Marlon Craft to YTM
2025-04-06 12:49:51,495 - INFO - Successfully added Ghost - Ahmad Anonimis, Foolie $urfin to YTM
2025-04-06 12:49:54,415 - INFO - Successfully added Five Years - Bo Burnham to YTM
2025-04-06 12:49:57,190 - INFO - Successfully added Everybody Wants To Rule The World - Tears For Fears to YTM
2025-04-06 12:50:00,326 - INFO - Successfully added Pink + White - Frank Ocean to YTM
2025-04-06 12:50:02,585 - INFO - Successfully added Ur_Room - Wesley Joseph to YTM
2025-04-06 12:50:03,681 - WARNING - Could not find matching result for Neybors - Heno., Elujay, J.Robb on YTM
2025-04-06 12:50:06,217 - INFO - Successfully added 16 Years - The Griswolds to YTM
2025-04-06 12:50:08,700 - INFO - Successfully added Zoom - Last Dinosaurs to YTM
2025-04-06 12:50:11,493 - INFO - Successfully added Cameras & Coastlines - Smallpools to YTM
2025-04-06 12:50:13,873 - INFO - Successfully added Sometimes I Wonder - Dream, Ivory to YTM
2025-04-06 12:50:16,648 - INFO - Successfully added Baby's Come Back - Span to YTM
2025-04-06 12:50:19,090 - INFO - Successfully added She's Got The Devil In Her - Buddy Guy to YTM
2025-04-06 12:50:21,570 - INFO - Successfully added R.O.O.M - POOL to YTM
2025-04-06 12:50:24,121 - INFO - Successfully added Zetsubou Billy - MAXIMUM THE HORMONE to YTM
2025-04-06 12:50:26,534 - INFO - Successfully added Freeze Me - Death From Above 1979 to YTM
2025-04-06 12:50:28,972 - INFO - Successfully added Transmission 2 - DJ Shadow to YTM
2025-04-06 12:50:30,570 - WARNING - Could not find matching result for Midnight In A Perfect World - Hudson Mohawke Remix - DJ Shadow, Hudson Mohawke on YTM
2025-04-06 12:50:32,147 - WARNING - Could not find matching result for Changing of the Guards - Pusha T, Diddy on YTM
2025-04-06 12:50:35,116 - INFO - Successfully added Let This Love Lie Dead - First and Forever to YTM
2025-04-06 12:50:38,050 - INFO - Successfully added The Get Down - Cosmo's Midnight to YTM
2025-04-06 12:50:40,781 - INFO - Successfully added What's New Scooby-Doo? - Simple Plan to YTM
2025-04-06 12:50:43,681 - INFO - Successfully added Your Love Is a Lie - Simple Plan to YTM
2025-04-06 12:50:45,601 - WARNING - Could not find matching result for ファックラブ - ぬいぐるみクレヨン Lush Crayon on YTM
2025-04-06 12:50:48,434 - INFO - Successfully added A Moment Apart - ODESZA to YTM
2025-04-06 12:50:50,851 - INFO - Successfully added Without You - OVSKY to YTM
2025-04-06 12:50:53,400 - INFO - Successfully added Expectations - Taska Black to YTM
2025-04-06 12:50:55,005 - WARNING - Could not find matching result for Zen - Chris Heria on YTM
2025-04-06 12:50:56,458 - WARNING - Could not find matching result for Sinner - Chris Heria on YTM
2025-04-06 12:50:58,336 - WARNING - Could not find matching result for Take Off - Chris Heria on YTM
2025-04-06 12:51:00,836 - INFO - Successfully added Hotel - Montell Fish to YTM
2025-04-06 12:51:03,162 - INFO - Successfully added Weekend Friend - Goth Babe to YTM
2025-04-06 12:51:05,560 - INFO - Successfully added Every Day - Bonnaz, Flytramp to YTM
2025-04-06 12:51:08,006 - INFO - Successfully added blueberry - [bsd.u] to YTM
2025-04-06 12:51:10,180 - WARNING - Could not find matching result for Sometimes,IDontUnderstand - surrenderdorothy on YTM
2025-04-06 12:51:12,239 - WARNING - Could not find matching result for Test Pilot - Stilz, The Encounter on YTM
2025-04-06 12:51:15,275 - INFO - Successfully added Pictures of Purple Skies - Memorex Memories to YTM
2025-04-06 12:51:18,222 - INFO - Successfully added Decadence - Disturbed to YTM
2025-04-06 12:51:19,813 - WARNING - Could not find matching result for Telepathy - ✝✝✝ (Crosses) on YTM
2025-04-06 12:51:22,532 - INFO - Successfully added C'Mon Try A Little Bit - Mellowdrone to YTM
2025-04-06 12:51:24,798 - WARNING - Could not find matching result for Music Sounds Better With You - Radio Edit - Stardust, Benjamin Diamond, Alan Braxe, Thomas Bangalter on YTM
2025-04-06 12:51:27,574 - INFO - Successfully added Feel Good Inc. - Gorillaz, De La Soul to YTM
2025-04-06 12:51:30,216 - INFO - Successfully added The Day The World Went Away - Nine Inch Nails to YTM
2025-04-06 12:51:32,611 - WARNING - Could not find matching result for Sunflower - Spider-Man: Into the Spider-Verse - Post Malone, Swae Lee on YTM
2025-04-06 12:51:34,353 - WARNING - Could not find matching result for nikes - SLIGHT on YTM
2025-04-06 12:51:36,006 - WARNING - Could not find matching result for Bombay Leanin' - Brenk Sinatra, Saiko on YTM
2025-04-06 12:51:37,732 - WARNING - Could not find matching result for Pullin Stunts - Roland Jones on YTM
2025-04-06 12:51:39,605 - WARNING - Could not find matching result for I Be That Mf - Soudiere, Dj Smokey, Mr sisco on YTM
2025-04-06 12:51:41,699 - WARNING - Could not find matching result for I Am Rock - rock on YTM
2025-04-06 12:51:43,931 - WARNING - Could not find matching result for OUTSIDERS PT.2 - TAKEDA, Petsmpi, SPVRROW, glaucoma, NIKTR on YTM
2025-04-06 12:51:45,483 - WARNING - Could not find matching result for Certified Star - GALI222, Necroez on YTM
2025-04-06 12:51:47,253 - WARNING - Could not find matching result for Whole Lotta Schemin' - Inteus, Soudiere on YTM
2025-04-06 12:51:49,502 - WARNING - Could not find matching result for LOVE ME - KLOUD, Gabriel Paris on YTM
2025-04-06 12:51:51,260 - WARNING - Could not find matching result for Blue World - Original Mix - Jasper Byrne on YTM
2025-04-06 12:51:53,859 - INFO - Successfully added Righteous - Mo Beats to YTM
2025-04-06 12:51:56,536 - INFO - Successfully added VISION - Dreamcatcher to YTM
2025-04-06 12:51:59,029 - INFO - Successfully added Exploration - VIQ to YTM
2025-04-06 12:52:01,721 - INFO - Successfully added Stay Away - Our Promise to YTM
2025-04-06 12:52:04,033 - INFO - Successfully added Would It Kill You At All - Dream, Ivory to YTM
2025-04-06 12:52:06,669 - INFO - Successfully added Deep down - Aimer to YTM
2025-04-06 12:52:07,759 - WARNING - Could not find matching result for Make Me Wana Run - Lucy In Disguise, Graywave on YTM
2025-04-06 12:52:10,084 - INFO - Successfully added 4D - Northlane to YTM
2025-04-06 12:52:12,798 - INFO - Successfully added Of The Night - Bastille to YTM
2025-04-06 12:52:15,276 - WARNING - Could not find matching result for I Took A Pill In Ibiza - Seeb Remix - Mike Posner, Seeb on YTM
2025-04-06 12:52:17,998 - INFO - Successfully added Lemon Tree - Mt. Joy to YTM
2025-04-06 12:52:20,971 - WARNING - Could not find matching result for Alone - Awake the Dreamer on YTM
2025-04-06 12:52:24,386 - INFO - Successfully added It Don't Stop - Iso Indies to YTM
2025-04-06 12:52:27,341 - INFO - Successfully added Mine - Bazzi to YTM
2025-04-06 12:52:28,991 - WARNING - Could not find matching result for Isometric Air - Bryan Aspey, Quantum Lovers on YTM
2025-04-06 12:52:31,532 - INFO - Successfully added WASTE - KXLLSWXTCH to YTM
2025-04-06 12:52:34,248 - INFO - Successfully added Lost Boys - Essenger, Young Medicine to YTM
2025-04-06 12:52:36,971 - INFO - Successfully added this feeling - Øneheart to YTM
2025-04-06 12:52:39,597 - INFO - Successfully added snowfall - Øneheart, reidenshi to YTM
2025-04-06 12:52:42,063 - INFO - Successfully added Clouds - Pastel Ghost to YTM
2025-04-06 12:52:44,453 - INFO - Successfully added Skeleton - Pastel Ghost to YTM
2025-04-06 12:52:47,246 - INFO - Successfully added There Is Still Time - Lorn to YTM
2025-04-06 12:52:49,608 - INFO - Successfully added Tokyo Train - Klimeks to YTM
2025-04-06 12:52:51,873 - INFO - Successfully added Cicatrice - Sidewalks and Skeletons to YTM
2025-04-06 12:52:54,246 - INFO - Successfully added Best Lover - 88rising, BIBI to YTM
2025-04-06 12:52:56,417 - INFO - Successfully added Mechanical - Oliver to YTM
2025-04-06 12:52:59,575 - INFO - Successfully added Fired Up - Hush to YTM
2025-04-06 12:53:02,244 - INFO - Successfully added Eat, Sleep, Wake (Nothing But You) - Bombay Bicycle Club to YTM
2025-04-06 12:53:04,802 - INFO - Successfully added Window Watcher - YOUTH 83 to YTM
2025-04-06 12:53:07,530 - INFO - Successfully added It Was A Good Day - Ice Cube to YTM
2025-04-06 12:53:09,207 - WARNING - Could not find matching result for then i met her - EKKSTACY on YTM
2025-04-06 12:53:11,614 - INFO - Successfully added Empty Phases - Mr.Kitty to YTM
2025-04-06 12:53:13,912 - INFO - Successfully added 19Air - POOL to YTM
2025-04-06 12:53:16,665 - INFO - Successfully added Metro - POOL to YTM
2025-04-06 12:53:18,340 - WARNING - Could not find matching result for ロスタイム - Creepy Nuts on YTM
2025-04-06 12:53:21,113 - INFO - Successfully added sTraNgeRs - Bring Me The Horizon to YTM
2025-04-06 12:53:23,364 - INFO - Successfully added Pathogen - Mr.Kitty to YTM
2025-04-06 12:53:26,091 - INFO - Successfully added Let You Down - Dawid Podsiadło to YTM
2025-04-06 12:53:28,619 - WARNING - Could not find matching result for Major Crimes - HEALTH, Window Weather on YTM
2025-04-06 12:53:31,157 - INFO - Successfully added Frick Park Market - Mac Miller to YTM
2025-04-06 12:53:33,685 - INFO - Successfully added One - Sangam to YTM
2025-04-06 12:53:34,908 - INFO - Successfully added Pull Me Under - Dreamhome, Rosie Ugly, Hotel Pools to YTM
2025-04-06 12:53:36,501 - WARNING - Could not find matching result for Locke - PYLOT on YTM
2025-04-06 12:53:38,813 - INFO - Successfully added Meguro - BLOW to YTM
2025-04-06 12:53:41,108 - INFO - Successfully added Terracotta - Anthony Kalabretta to YTM
2025-04-06 12:53:43,832 - INFO - Successfully added Wrong - sunnbrella to YTM
2025-04-06 12:53:46,918 - INFO - Successfully added Rosemary - Deftones to YTM
2025-04-06 12:53:49,193 - INFO - Successfully added Ease - Whirr to YTM
2025-04-06 12:53:52,373 - INFO - Successfully added Change (In the House of Flies) - Deftones to YTM
2025-04-06 12:53:53,848 - WARNING - Could not find matching result for 野の春 - Yoshihisa Hirano on YTM
2025-04-06 12:53:56,434 - INFO - Successfully added Mystic Land - Yoshihisa Hirano to YTM
2025-04-06 12:53:58,718 - INFO - Successfully added Fragment - Thomas Barrandon to YTM
2025-04-06 12:54:01,394 - INFO - Successfully added Take a Walk - Passion Pit to YTM
2025-04-06 12:54:03,839 - INFO - Successfully added Far Cry 3 - Brian Tyler to YTM
2025-04-06 12:54:06,296 - INFO - Successfully added At Doom's Gate - Mick Gordon to YTM
2025-04-06 12:54:08,702 - INFO - Successfully added The Sunshine of Your Youth - Cheerleader to YTM
2025-04-06 12:54:11,172 - INFO - Successfully added We Won't Go Home - The Colourist to YTM
2025-04-06 12:54:13,791 - INFO - Successfully added Coming of Age - Foster The People to YTM
2025-04-06 12:54:16,453 - INFO - Successfully added difference - TAMIW to YTM
2025-04-06 12:54:19,359 - INFO - Successfully added Time to Wake Up - Cacti to YTM
2025-04-06 12:54:21,817 - INFO - Successfully added Heroes - Redah to YTM
2025-04-06 12:54:24,322 - INFO - Successfully added HEAVY DAY - Daisuke Ishiwatari, Naoki Hashimoto to YTM
2025-04-06 12:54:26,680 - INFO - Successfully added Bloom For Me - Pearly Drops to YTM
2025-04-06 12:54:28,408 - WARNING - Could not find matching result for The Unknown - peach tinted on YTM
2025-04-06 12:54:30,633 - INFO - Successfully added Perfect Oblivion - The Gentle Men to YTM
2025-04-06 12:54:32,830 - INFO - Successfully added Georgetown - The Bad Dreamers to YTM
2025-04-06 12:54:35,423 - INFO - Successfully added Sleepwalking - The Chain Gang Of 1974 to YTM
2025-04-06 12:54:37,850 - INFO - Successfully added Dead End - Hashir to YTM
2025-04-06 12:54:40,180 - INFO - Successfully added Big Blast Sonic - Daisuke Ishiwatari, Naoki Hashimoto to YTM
2025-04-06 12:54:40,714 - WARNING - Could not find matching result for 435am - Loosevinci, Ramzoid on YTM
2025-04-06 12:54:42,914 - INFO - Successfully added Tropical Somnium - Incorporeal Visions Deluxe to YTM
2025-04-06 12:54:44,635 - WARNING - Could not find matching result for The Massacre Downtown - Under Valium on YTM
2025-04-06 12:54:47,458 - INFO - Successfully added needed you. - CVLTE to YTM
2025-04-06 12:54:50,948 - INFO - Successfully added Lavender - SENNA to YTM
2025-04-06 12:54:53,943 - INFO - Successfully added Moon Chamber - Embracer to YTM
2025-04-06 12:54:57,035 - INFO - Successfully added Kids on the Porch - Iso Indies to YTM
2025-04-06 12:54:59,556 - INFO - Successfully added Sedna - Winston, L2 to YTM
2025-04-06 12:55:02,306 - INFO - Successfully added 3 Years - The Ivory to YTM
2025-04-06 12:55:04,622 - INFO - Successfully added Inside - Survive Said The Prophet to YTM
2025-04-06 12:55:06,979 - INFO - Successfully added Echoes In Time - Lucy In Disguise to YTM
2025-04-06 12:55:09,188 - INFO - Successfully added Keep Me In My Body - The Color Morale to YTM
2025-04-06 12:55:11,157 - WARNING - Could not find matching result for Silence Speaks - While She Sleeps, Oli Sykes on YTM
2025-04-06 12:55:14,144 - INFO - Successfully added Pumped Up Kicks - Foster The People to YTM
2025-04-06 12:55:16,999 - INFO - Successfully added I Hate Everything About You - Three Days Grace to YTM
2025-04-06 12:55:19,262 - INFO - Successfully added Hotline Miami Theme - Benny Smiles to YTM
2025-04-06 12:55:21,732 - INFO - Successfully added Reasons - The Cairos to YTM
2025-04-06 12:55:23,833 - INFO - Successfully added Penal Colony - Women to YTM
2025-04-06 12:55:26,777 - INFO - Successfully added Let Me Hear - Fear, and Loathing in Las Vegas to YTM
2025-04-06 12:55:28,489 - WARNING - Could not find matching result for UNDERWORLD - VAMPS on YTM
2025-04-06 12:55:30,793 - INFO - Successfully added Kush High - Eighty4 Fly to YTM
2025-04-06 12:55:33,438 - INFO - Successfully added Girl - No Buses to YTM
2025-04-06 12:55:35,758 - WARNING - Could not find matching result for The Plan - From the Motion Picture "TENET" - Travis Scott on YTM
2025-04-06 12:55:37,035 - INFO - Successfully added Outlaw Star - Eagle Eyed Tiger to YTM
2025-04-06 12:55:39,430 - INFO - Successfully added The Quiet Earth - Thomas Barrandon to YTM
2025-04-06 12:55:42,382 - INFO - Successfully added Hold - Home to YTM
2025-04-06 12:55:44,906 - INFO - Successfully added Bloodline - Scattle to YTM
2025-04-06 12:55:47,192 - INFO - Successfully added 聖者たち - People In The Box to YTM
2025-04-06 12:55:50,589 - INFO - Successfully added Asleep in the Machine - Bootleg Rascal to YTM
2025-04-06 12:55:54,124 - INFO - Successfully added Yesteryear - Cosmo's Midnight to YTM
2025-04-06 12:55:57,031 - INFO - Successfully added Boulevard of Broken Dreams - Green Day to YTM
2025-04-06 12:55:59,558 - INFO - Successfully added Hisoka (From Hunter X Hunter) - LucasGitanoFamily to YTM
2025-04-06 12:56:02,541 - INFO - Successfully added To Lose My Life - White Lies to YTM
2025-04-06 12:56:05,327 - INFO - Successfully added L.S.F. - Kasabian to YTM
2025-04-06 12:56:07,858 - INFO - Successfully added Two-Way Mirror - Loathe to YTM
2025-04-06 12:56:09,611 - WARNING - Could not find matching result for Memories - Foxera, Tilian on YTM
2025-04-06 12:56:12,203 - INFO - Successfully added Frail State Of Mind - The 1975 to YTM
2025-04-06 12:56:14,510 - INFO - Successfully added Genesis - STEREO DIVE FOUNDATION to YTM
2025-04-06 12:56:17,003 - INFO - Successfully added Miami Disco - Perturbator to YTM
2025-04-06 12:56:19,311 - INFO - Successfully added Turf - El Huervo to YTM
2025-04-06 12:56:22,270 - INFO - Successfully added Show Me the Right - NEIL FRANCES to YTM
2025-04-06 12:56:24,753 - INFO - Successfully added Get To Know (feat. Winston Surfshirt) - Cosmo's Midnight, Winston Surfshirt to YTM
2025-04-06 12:56:27,166 - INFO - Successfully added SWIM - Mild Minds to YTM
2025-04-06 12:56:29,810 - INFO - Successfully added Renegade - STEREO DIVE FOUNDATION to YTM
2025-04-06 12:56:30,898 - WARNING - Could not find matching result for Don't Matter - Cherokee Shore Version - Cherokee, Darianna Everett on YTM
2025-04-06 12:56:32,754 - WARNING - Could not find matching result for Anjunabeach - Extended Mix - Above & Beyond on YTM
2025-04-06 12:56:35,761 - INFO - Successfully added Differences - Ginuwine to YTM
2025-04-06 12:56:37,576 - WARNING - Could not find matching result for Dusk - Lucy In Disguise, Observer Drift on YTM
2025-04-06 12:56:39,995 - INFO - Successfully added Building Steam With A Grain Of Salt - DJ Shadow to YTM
2025-04-06 12:56:42,328 - INFO - Successfully added young - $werve to YTM
2025-04-06 12:56:44,091 - WARNING - Could not find matching result for i walk this earth all by myself - EKKSTACY on YTM
2025-04-06 12:56:46,305 - INFO - Successfully added FORMATIONS - Mild Minds to YTM
2025-04-06 12:56:48,941 - INFO - Successfully added Blue - SG Lewis to YTM
2025-04-06 12:56:51,455 - INFO - Successfully added Graveyard Shift - Battle Tapes to YTM
2025-04-06 12:56:53,813 - INFO - Successfully added Sleepwalker - Battle Tapes to YTM
2025-04-06 12:56:56,310 - INFO - Successfully added Again - Battle Tapes to YTM
2025-04-06 12:56:58,752 - INFO - Successfully added Ishimura, Pt. 2 - BLESSED MANE to YTM
2025-04-06 12:57:00,955 - INFO - Successfully added Rhyme or Reason - Battle Tapes to YTM
2025-04-06 12:57:03,365 - INFO - Successfully added Golden Light - STRFKR to YTM
2025-04-06 12:57:05,137 - WARNING - Could not find matching result for Hyouriittai - YUZU on YTM
2025-04-06 12:57:07,274 - INFO - Successfully added New Horizons - AntXres to YTM
2025-04-06 12:57:09,549 - INFO - Successfully added Sedna - AntXres to YTM
2025-04-06 12:57:11,846 - INFO - Successfully added Heater - Flume to YTM
2025-04-06 12:57:13,719 - WARNING - Could not find matching result for The Difference - Flume, Toro y Moi on YTM
2025-04-06 12:57:16,221 - INFO - Successfully added Warm - SG Lewis to YTM
2025-04-06 12:57:19,055 - INFO - Successfully added In Loving Memory - Alter Bridge to YTM
2025-04-06 12:57:20,577 - WARNING - Could not find matching result for Night SURFING - (K)NoW_NAME on YTM
2025-04-06 12:57:22,869 - INFO - Successfully added Afterlife - Holding Absence to YTM
2025-04-06 12:57:25,441 - INFO - Successfully added Why We Lose - Cartoon, Jéja, Coleman Trapp to YTM
2025-04-06 12:57:28,103 - INFO - Successfully added On & On - Cartoon, Jéja, Daniel Levi to YTM
2025-04-06 12:57:30,571 - INFO - Successfully added Fabiana - STEREO DIVE FOUNDATION to YTM
2025-04-06 12:57:32,405 - WARNING - Could not find matching result for aLIEz - SawanoHiroyuki[nZk], mizuki on YTM
2025-04-06 12:57:35,426 - INFO - Successfully added Slow - 憂鬱 to YTM
2025-04-06 12:57:39,133 - INFO - Successfully added Slow Drip - De Lorra to YTM
2025-04-06 12:57:41,632 - WARNING - Could not find matching result for Emotions - ALEX on YTM
2025-04-06 12:57:44,663 - INFO - Successfully added Feel the Same - Battle Tapes to YTM
2025-04-06 12:57:47,088 - INFO - Successfully added Bliss - Jasper Byrne to YTM
2025-04-06 12:57:49,167 - WARNING - Could not find matching result for Ride on Shooting Star - the pillows on YTM
2025-04-06 12:57:52,402 - INFO - Successfully added The Real Folk Blues - Mai Yamane to YTM
2025-04-06 12:57:55,955 - INFO - Successfully added Driver's High - L'Arc-en-Ciel to YTM
2025-04-06 12:57:58,310 - INFO - Successfully added Aching Longing - Holding Absence, Alpha Wolf to YTM
2025-04-06 12:58:00,198 - WARNING - Could not find matching result for Paris - RITCHRD on YTM
2025-04-06 12:58:02,836 - INFO - Successfully added Happy Pills - Paul Leonard-Morgan to YTM
2025-04-06 12:58:04,585 - WARNING - Could not find matching result for Darkest Little Friend - Heyz, darkDARK on YTM
2025-04-06 12:58:06,500 - WARNING - Could not find matching result for Planetary - Blair, Argonaut & Wasp on YTM
2025-04-06 12:58:09,038 - INFO - Successfully added Little Games - The Colourist to YTM
2025-04-06 12:58:11,343 - INFO - Successfully added The Mess - Kid Astray to YTM
2025-04-06 12:58:13,946 - INFO - Successfully added The Grey - Bad Omens to YTM
2025-04-06 12:58:16,285 - INFO - Successfully added Sympathy - Too Close To Touch to YTM
2025-04-06 12:58:18,884 - INFO - Successfully added Misery - The Word Alive to YTM
2025-04-06 12:58:21,338 - INFO - Successfully added Lifetime - Surfing to YTM
2025-04-06 12:58:23,648 - INFO - Successfully added Talk It Out - dwsdmusic to YTM
2025-04-06 12:58:25,825 - WARNING - Could not find matching result for Lived A Lie - You Me At Six on YTM
2025-04-06 12:58:28,157 - INFO - Successfully added Boa Noite - Karol Conká to YTM
2025-04-06 12:58:30,705 - INFO - Successfully added I Know It's You - Guards to YTM
2025-04-06 12:58:33,267 - INFO - Successfully added Runnin' - David Dallas to YTM
2025-04-06 12:58:35,171 - WARNING - Could not find matching result for Halo - Martin O'Donnell, Michael Salvatori on YTM
2025-04-06 12:58:37,713 - INFO - Successfully added Eyes on Fire (Skeler Remix) - Re-Recorded - Skeler, Blue Foundation to YTM
2025-04-06 12:58:39,755 - WARNING - Could not find matching result for Somebody That I Used To Know - Gotye, Kimbra on YTM
2025-04-06 12:58:42,922 - INFO - Successfully added Shooting Stars - Bag Raiders to YTM
2025-04-06 12:58:45,095 - INFO - Successfully added Skylights - Lucy In Disguise to YTM
2025-04-06 12:58:47,251 - INFO - Successfully added Nomoreroses - Holding Absence to YTM
2025-04-06 12:58:48,872 - WARNING - Could not find matching result for 3分29秒 - Hitorie on YTM
2025-04-06 12:58:50,995 - WARNING - Could not find matching result for Avid - SawanoHiroyuki[nZk], mizuki on YTM
2025-04-06 12:58:53,440 - INFO - Successfully added Apex Legends: Main Theme - Stephen Barton to YTM
2025-04-06 12:58:54,991 - WARNING - Could not find matching result for ASTRAL - BLADEFEAR on YTM
2025-04-06 12:58:56,707 - WARNING - Could not find matching result for CHA-LA HEAD-CHA-LA (2005 ver.) (ドラゴンボールZ) - Hironobu Kageyama on YTM
2025-04-06 12:58:59,371 - INFO - Successfully added Party Monster - The Weeknd to YTM
2025-04-06 12:59:02,164 - INFO - Successfully added Blinding Lights - The Weeknd to YTM
2025-04-06 12:59:04,546 - INFO - Successfully added Golden Skans - Klaxons to YTM
2025-04-06 12:59:07,399 - INFO - Successfully added Before the Night - Home to YTM
2025-04-06 12:59:09,706 - INFO - Successfully added 96 Cruisin - Lucy In Disguise to YTM
2025-04-06 12:59:12,582 - INFO - Successfully added Head First - Home to YTM
2025-04-06 12:59:14,772 - INFO - Successfully added Resonance - Home to YTM
2025-04-06 12:59:17,869 - INFO - Successfully added Watch Over You - Alter Bridge to YTM
2025-04-06 12:59:20,640 - INFO - Successfully added Blackbird - Alter Bridge to YTM
2025-04-06 12:59:23,663 - INFO - Successfully added Metalingus - Alter Bridge to YTM
2025-04-06 12:59:25,612 - WARNING - Could not find matching result for GIANTS - True Damage, Becky G, Keke Palmer, JEON SOYEON, Duckwrth, Thutmose, League of Legends on YTM
2025-04-06 12:59:27,320 - WARNING - Could not find matching result for Last Theater - NoisyCell on YTM
2025-04-06 12:59:29,607 - INFO - Successfully added Nobody Wants You - junodream to YTM
2025-04-06 12:59:32,195 - INFO - Successfully added Arp-87 - bloody/bath to YTM
2025-04-06 12:59:34,494 - INFO - Successfully added Woven - Warish to YTM
2025-04-06 12:59:37,151 - INFO - Successfully added Coward - Black Light Burns to YTM
2025-04-06 12:59:39,789 - INFO - Successfully added Main Title - Jesper Kyd to YTM
2025-04-06 12:59:41,451 - WARNING - Could not find matching result for COLORS - フロウ on YTM
2025-04-06 12:59:44,019 - INFO - Successfully added The Rift - CQ Wrestling to YTM
2025-04-06 12:59:45,848 - WARNING - Could not find matching result for DLZ - TV On The Radio on YTM
2025-04-06 12:59:48,751 - INFO - Successfully added red love - Dream, Ivory to YTM
2025-04-06 12:59:51,246 - INFO - Successfully added doll - Shrimp to YTM
2025-04-06 12:59:54,170 - INFO - Successfully added Neon Roses - The Technicolors to YTM
2025-04-06 12:59:56,841 - INFO - Successfully added Why'd You Only Call Me When You're High? - Arctic Monkeys to YTM
2025-04-06 12:59:59,142 - INFO - Successfully added Not Dead Yet - Jakey to YTM
2025-04-06 13:00:01,559 - INFO - Successfully added Infected Ground - Particle House to YTM
2025-04-06 13:00:04,143 - INFO - Successfully added Liquid Reign - Dark Stares to YTM
2025-04-06 13:00:06,912 - INFO - Successfully added Let’s Go - Stuck in the Sound to YTM
2025-04-06 13:00:09,690 - INFO - Successfully added Do I Wanna Know? - Arctic Monkeys to YTM
2025-04-06 13:00:12,274 - INFO - Successfully added Crystals - M|O|O|N to YTM
2025-04-06 13:00:14,932 - INFO - Successfully added Butter - BTS to YTM
2025-04-06 13:00:17,648 - INFO - Successfully added Walking (feat. Swae Lee & Major Lazer) - 88rising, Joji, Jackson Wang, Major Lazer, Swae Lee to YTM
2025-04-06 13:00:20,508 - INFO - Successfully added Doin' it Right (feat. Panda Bear) - Daft Punk, Panda Bear to YTM
2025-04-06 13:00:23,427 - INFO - Successfully added Lose Yourself to Dance (feat. Pharrell Williams) - Daft Punk, Pharrell Williams to YTM
2025-04-06 13:00:26,117 - WARNING - Could not find matching result for Get Lucky (Radio Edit) [feat. Pharrell Williams and Nile Rodgers] - Pharrell Williams, Nile Rodgers, Thomas Bangalter, Guy-Manuel de Homem-Christo, Daft Punk on YTM
2025-04-06 13:00:28,997 - INFO - Successfully added Something About Us - Daft Punk to YTM
2025-04-06 13:00:31,931 - INFO - Successfully added L$D - A$AP Rocky to YTM
2025-04-06 13:00:33,461 - WARNING - Could not find matching result for Gravity Hurts - Cryoshell, Brinck on YTM
2025-04-06 13:00:36,527 - INFO - Successfully added Just Awake - Fear, and Loathing in Las Vegas to YTM
2025-04-06 13:00:38,714 - INFO - Successfully added Rotten Inside - Earshot to YTM
2025-04-06 13:00:41,553 - INFO - Successfully added Again - Earshot to YTM
2025-04-06 13:00:42,707 - INFO - Successfully added The Lost and Damned Theme - Stuart Hart & Tony Eicher to YTM
2025-04-06 13:00:45,841 - INFO - Successfully added Out of Touch - Daryl Hall & John Oates to YTM
2025-04-06 13:00:47,900 - WARNING - Could not find matching result for Summer Of '69 - Bryan Adams on YTM
2025-04-06 13:00:50,351 - INFO - Successfully added fleabag - YUNGBLUD to YTM
2025-04-06 13:00:52,384 - WARNING - Could not find matching result for Wonderwall - Remastered - Oasis on YTM
2025-04-06 13:00:54,897 - INFO - Successfully added FEEL NOTHING - The Plot In You to YTM
2025-04-06 13:00:57,593 - INFO - Successfully added Electric Feel - MGMT to YTM
2025-04-06 13:01:00,255 - INFO - Successfully added Nothing's Gonna Hurt You Baby - Cigarettes After Sex to YTM
2025-04-06 13:01:02,746 - INFO - Successfully added Love Fade - Tamaryn to YTM
2025-04-06 13:01:04,511 - WARNING - Could not find matching result for Where Is My Mind? - 2007 Remaster - Pixies on YTM
2025-04-06 13:01:06,869 - INFO - Successfully added Twist The Knife - Chromatics to YTM
2025-04-06 13:01:10,066 - INFO - Successfully added Space Song - Beach House to YTM
2025-04-06 13:01:13,081 - INFO - Successfully added CtrlAltDelete - BONES to YTM
2025-04-06 13:01:15,638 - INFO - Successfully added E X I S T - Jessaudrey to YTM
2025-04-06 13:01:18,402 - INFO - Successfully added Dayflower - Cathedral Bells to YTM
2025-04-06 13:01:22,486 - INFO - Successfully added Wanted Dead Or Alive - Bon Jovi to YTM
2025-04-06 13:01:25,002 - INFO - Successfully added Svefn-g-englar - Sigur Rós to YTM
2025-04-06 13:01:27,634 - INFO - Successfully added unravel - TK from Ling tosite sigure to YTM
2025-04-06 13:01:29,360 - WARNING - Could not find matching result for 無能 - Österreich on YTM
2025-04-06 13:01:31,631 - INFO - Successfully added Saintlike - Jakey to YTM
2025-04-06 13:01:34,118 - INFO - Successfully added The Way Home - Magic Sword to YTM
2025-04-06 13:01:36,844 - INFO - Successfully added Star Fighter - Wice to YTM
2025-04-06 13:01:39,473 - INFO - Successfully added When We Touch - Benny Smiles to YTM
2025-04-06 13:01:41,329 - WARNING - Could not find matching result for Miami - Original Mix - Jasper Byrne on YTM
2025-04-06 13:01:43,671 - INFO - Successfully added The War Still Rages Within - Graeme Cornies to YTM
2025-04-06 13:01:45,993 - INFO - Successfully added Sexualizer (feat. Flash Arnold) - Perturbator, Flash Arnold to YTM
2025-04-06 13:01:48,691 - INFO - Successfully added Brain Stew - Green Day to YTM
2025-04-06 13:01:51,609 - INFO - Successfully added Kids - MGMT to YTM
2025-04-06 13:01:54,202 - INFO - Successfully added Undercover Martyn - Two Door Cinema Club to YTM
2025-04-06 13:01:56,882 - INFO - Successfully added Can You Feel My Heart - Bring Me The Horizon to YTM
2025-04-06 13:02:00,303 - INFO - Successfully added Somewhere I Belong - Linkin Park to YTM
2025-04-06 13:02:02,310 - WARNING - Could not find matching result for Orch Compression - Chroma Music, Odd Banker on YTM
2025-04-06 13:02:04,214 - WARNING - Could not find matching result for Spoiler - Original Mix - Hyper on YTM
2025-04-06 13:02:05,857 - WARNING - Could not find matching result for Kansai Life - MIYACHI on YTM
2025-04-06 13:02:06,037 - INFO - Successfully removed 50 songs from Spotify
2025-04-06 13:02:06,206 - INFO - Successfully removed 50 songs from Spotify
2025-04-06 13:02:06,395 - INFO - Successfully removed 50 songs from Spotify
2025-04-06 13:02:06,575 - INFO - Successfully removed 50 songs from Spotify
2025-04-06 13:02:06,754 - INFO - Successfully removed 50 songs from Spotify
2025-04-06 13:02:06,929 - INFO - Successfully removed 50 songs from Spotify
2025-04-06 13:02:07,107 - INFO - Successfully removed 50 songs from Spotify
2025-04-06 13:02:07,284 - INFO - Successfully removed 50 songs from Spotify
2025-04-06 13:02:07,462 - INFO - Successfully removed 50 songs from Spotify
2025-04-06 13:02:07,643 - INFO - Successfully removed 50 songs from Spotify
2025-04-06 13:02:07,821 - INFO - Successfully removed 50 songs from Spotify
2025-04-06 13:02:08,003 - INFO - Successfully removed 50 songs from Spotify
2025-04-06 13:02:08,194 - INFO - Successfully removed 50 songs from Spotify
2025-04-06 13:02:08,370 - INFO - Successfully removed 50 songs from Spotify
2025-04-06 13:02:08,553 - INFO - Successfully removed 50 songs from Spotify
2025-04-06 13:02:08,737 - INFO - Successfully removed 13 songs from Spotify
